<?xml version="1.0" encoding="UTF-8"?>
<testsuite xmlns:xsi="http://www.w3.org/2001/XMLSchema-instance" xsi:noNamespaceSchemaLocation="https://maven.apache.org/surefire/maven-surefire-plugin/xsd/surefire-test-report.xsd" name="org.neo4j.ecb.auth.plugin.ExposeConfigExtensionFactoryTest" time="0.024" tests="2" errors="0" skipped="0" failures="0">
  <properties>
    <property name="java.specification.version" value="17"/>
    <property name="sonar.login" value="admin"/>
    <property name="sonar.host.url" value="http://localhost:9000"/>
    <property name="sun.jnu.encoding" value="UTF-8"/>
    <property name="java.class.path" value="/Users/msenechal/Documents/projects/Clients/ECB/NAVI/navi-neo4j-auth-plugin/plugins/target/test-classes:/Users/msenechal/Documents/projects/Clients/ECB/NAVI/navi-neo4j-auth-plugin/plugins/target/classes:/Users/msenechal/.m2/repository/com/neo4j/neo4j-security-enterprise/5.15.0/neo4j-security-enterprise-5.15.0.jar:/Users/msenechal/.m2/repository/org/neo4j/annotations/5.15.0/annotations-5.15.0.jar:/Users/msenechal/.m2/repository/org/eclipse/collections/eclipse-collections/11.1.0/eclipse-collections-11.1.0.jar:/Users/msenechal/.m2/repository/org/eclipse/collections/eclipse-collections-api/11.1.0/eclipse-collections-api-11.1.0.jar:/Users/msenechal/.m2/repository/org/neo4j/neo4j-kernel/5.15.0/neo4j-kernel-5.15.0.jar:/Users/msenechal/.m2/repository/org/neo4j/neo4j-native/5.15.0/neo4j-native-5.15.0.jar:/Users/msenechal/.m2/repository/net/java/dev/jna/jna/5.13.0/jna-5.13.0.jar:/Users/msenechal/.m2/repository/org/neo4j/neo4j-graphdb-api/5.15.0/neo4j-graphdb-api-5.15.0.jar:/Users/msenechal/.m2/repository/org/neo4j/neo4j-resource/5.15.0/neo4j-resource-5.15.0.jar:/Users/msenechal/.m2/repository/org/neo4j/neo4j-kernel-api/5.15.0/neo4j-kernel-api-5.15.0.jar:/Users/msenechal/.m2/repository/org/neo4j/neo4j-diagnostics/5.15.0/neo4j-diagnostics-5.15.0.jar:/Users/msenechal/.m2/repository/org/neo4j/neo4j-schema/5.15.0/neo4j-schema-5.15.0.jar:/Users/msenechal/.m2/repository/org/neo4j/neo4j-token-api/5.15.0/neo4j-token-api-5.15.0.jar:/Users/msenechal/.m2/repository/org/neo4j/neo4j-storage-engine-util/5.15.0/neo4j-storage-engine-util-5.15.0.jar:/Users/msenechal/.m2/repository/org/neo4j/neo4j-common/5.15.0/neo4j-common-5.15.0.jar:/Users/msenechal/.m2/repository/org/neo4j/neo4j-values/5.15.0/neo4j-values-5.15.0.jar:/Users/msenechal/.m2/repository/org/neo4j/neo4j-exceptions/5.15.0/neo4j-exceptions-5.15.0.jar:/Users/msenechal/.m2/repository/org/neo4j/neo4j-unsafe/5.15.0/neo4j-unsafe-5.15.0.jar:/Users/msenechal/.m2/repository/org/neo4j/neo4j-collections/5.15.0/neo4j-collections-5.15.0.jar:/Users/msenechal/.m2/repository/org/neo4j/neo4j-io/5.15.0/neo4j-io-5.15.0.jar:/Users/msenechal/.m2/repository/org/neo4j/neo4j-concurrent/5.15.0/neo4j-concurrent-5.15.0.jar:/Users/msenechal/.m2/repository/org/neo4j/neo4j-logging/5.15.0/neo4j-logging-5.15.0.jar:/Users/msenechal/.m2/repository/org/codehaus/jettison/jettison/1.5.4/jettison-1.5.4.jar:/Users/msenechal/.m2/repository/org/apache/logging/log4j/log4j-api/2.20.0/log4j-api-2.20.0.jar:/Users/msenechal/.m2/repository/org/apache/logging/log4j/log4j-core/2.20.0/log4j-core-2.20.0.jar:/Users/msenechal/.m2/repository/org/apache/logging/log4j/log4j-layout-template-json/2.20.0/log4j-layout-template-json-2.20.0.jar:/Users/msenechal/.m2/repository/org/neo4j/neo4j-configuration/5.15.0/neo4j-configuration-5.15.0.jar:/Users/msenechal/.m2/repository/com/github/seancfoley/ipaddress/5.4.0/ipaddress-5.4.0.jar:/Users/msenechal/.m2/repository/org/neo4j/neo4j-layout/5.15.0/neo4j-layout-5.15.0.jar:/Users/msenechal/.m2/repository/org/neo4j/neo4j-index/5.15.0/neo4j-index-5.15.0.jar:/Users/msenechal/.m2/repository/org/neo4j/neo4j-spatial-index/5.15.0/neo4j-spatial-index-5.15.0.jar:/Users/msenechal/.m2/repository/org/neo4j/neo4j-fulltext-index/5.15.0/neo4j-fulltext-index-5.15.0.jar:/Users/msenechal/.m2/repository/org/neo4j/neo4j-id-generator/5.15.0/neo4j-id-generator-5.15.0.jar:/Users/msenechal/.m2/repository/org/neo4j/neo4j-wal/5.15.0/neo4j-wal-5.15.0.jar:/Users/msenechal/.m2/repository/org/neo4j/neo4j-import-util/5.15.0/neo4j-import-util-5.15.0.jar:/Users/msenechal/.m2/repository/org/neo4j/neo4j-csv/5.15.0/neo4j-csv-5.15.0.jar:/Users/msenechal/.m2/repository/org/jctools/jctools-core/4.0.1/jctools-core-4.0.1.jar:/Users/msenechal/.m2/repository/com/neo4j/neo4j-enterprise-kernel/5.15.0/neo4j-enterprise-kernel-5.15.0.jar:/Users/msenechal/.m2/repository/io/dropwizard/metrics/metrics-core/4.2.21/metrics-core-4.2.21.jar:/Users/msenechal/.m2/repository/com/neo4j/neo4j-enterprise-procedure/5.15.0/neo4j-enterprise-procedure-5.15.0.jar:/Users/msenechal/.m2/repository/org/neo4j/neo4j-procedure-api/5.15.0/neo4j-procedure-api-5.15.0.jar:/Users/msenechal/.m2/repository/org/neo4j/neo4j-procedure/5.15.0/neo4j-procedure-5.15.0.jar:/Users/msenechal/.m2/repository/org/neo4j/neo4j-codegen/5.15.0/neo4j-codegen-5.15.0.jar:/Users/msenechal/.m2/repository/org/ow2/asm/asm-util/9.6/asm-util-9.6.jar:/Users/msenechal/.m2/repository/org/ow2/asm/asm-analysis/9.6/asm-analysis-9.6.jar:/Users/msenechal/.m2/repository/org/ow2/asm/asm-tree/9.6/asm-tree-9.6.jar:/Users/msenechal/.m2/repository/org/neo4j/neo4j-cypher-expression-evaluator/5.15.0/neo4j-cypher-expression-evaluator-5.15.0.jar:/Users/msenechal/.m2/repository/org/neo4j/neo4j-ast/5.15.0/neo4j-ast-5.15.0.jar:/Users/msenechal/.m2/repository/org/neo4j/neo4j-cypher-ast-factory/5.15.0/neo4j-cypher-ast-factory-5.15.0.jar:/Users/msenechal/.m2/repository/org/neo4j/neo4j-expressions/5.15.0/neo4j-expressions-5.15.0.jar:/Users/msenechal/.m2/repository/org/neo4j/neo4j-security/5.15.0/neo4j-security-5.15.0.jar:/Users/msenechal/.m2/repository/org/neo4j/neo4j-cypher/5.15.0/neo4j-cypher-5.15.0.jar:/Users/msenechal/.m2/repository/org/scala-lang/scala-library/2.13.11/scala-library-2.13.11.jar:/Users/msenechal/.m2/repository/org/scala-lang/scala-reflect/2.13.11/scala-reflect-2.13.11.jar:/Users/msenechal/.m2/repository/org/neo4j/neo4j-cypher-physical-planning/5.15.0/neo4j-cypher-physical-planning-5.15.0.jar:/Users/msenechal/.m2/repository/org/neo4j/neo4j-util/5.15.0/neo4j-util-5.15.0.jar:/Users/msenechal/.m2/repository/org/neo4j/neo4j-cypher-config/5.15.0/neo4j-cypher-config-5.15.0.jar:/Users/msenechal/.m2/repository/com/propensive/magnolia_2.13/0.17.0/magnolia_2.13-0.17.0.jar:/Users/msenechal/.m2/repository/com/propensive/mercator_2.13/0.2.1/mercator_2.13-0.2.1.jar:/Users/msenechal/.m2/repository/org/neo4j/neo4j-cypher-cache/5.15.0/neo4j-cypher-cache-5.15.0.jar:/Users/msenechal/.m2/repository/org/neo4j/neo4j-cypher-planner/5.15.0/neo4j-cypher-planner-5.15.0.jar:/Users/msenechal/.m2/repository/org/scala-lang/modules/scala-collection-contrib_2.13/0.3.0/scala-collection-contrib_2.13-0.3.0.jar:/Users/msenechal/.m2/repository/org/neo4j/neo4j-cypher-ir/5.15.0/neo4j-cypher-ir-5.15.0.jar:/Users/msenechal/.m2/repository/org/neo4j/neo4j-cypher-logical-plans/5.15.0/neo4j-cypher-logical-plans-5.15.0.jar:/Users/msenechal/.m2/repository/org/neo4j/neo4j-cypher-macros/5.15.0/neo4j-cypher-macros-5.15.0.jar:/Users/msenechal/.m2/repository/org/neo4j/neo4j-cypher-javacc-parser/5.15.0/neo4j-cypher-javacc-parser-5.15.0.jar:/Users/msenechal/.m2/repository/org/neo4j/cypher-ast-factory/5.15.0/cypher-ast-factory-5.15.0.jar:/Users/msenechal/.m2/repository/org/neo4j/neo4j-cypher-planner-spi/5.15.0/neo4j-cypher-planner-spi-5.15.0.jar:/Users/msenechal/.m2/repository/org/neo4j/neo4j-cypher-runtime-util/5.15.0/neo4j-cypher-runtime-util-5.15.0.jar:/Users/msenechal/.m2/repository/org/neo4j/neo4j-cypher-interpreted-runtime/5.15.0/neo4j-cypher-interpreted-runtime-5.15.0.jar:/Users/msenechal/.m2/repository/org/neo4j/neo4j-cypher-slotted-runtime/5.15.0/neo4j-cypher-slotted-runtime-5.15.0.jar:/Users/msenechal/.m2/repository/org/bitbucket/inkytonik/kiama/kiama_2.13/2.5.1/kiama_2.13-2.5.1.jar:/Users/msenechal/.m2/repository/org/neo4j/neo4j-command-line/5.15.0/neo4j-command-line-5.15.0.jar:/Users/msenechal/.m2/repository/info/picocli/picocli/4.7.5/picocli-4.7.5.jar:/Users/msenechal/.m2/repository/com/neo4j/neo4j-auth-plugin-api/5.15.0/neo4j-auth-plugin-api-5.15.0.jar:/Users/msenechal/.m2/repository/org/neo4j/neo4j-dbms/5.15.0/neo4j-dbms-5.15.0.jar:/Users/msenechal/.m2/repository/org/neo4j/neo4j-lucene-index/5.15.0/neo4j-lucene-index-5.15.0.jar:/Users/msenechal/.m2/repository/org/apache/lucene/lucene-analysis-common/9.8.0/lucene-analysis-common-9.8.0.jar:/Users/msenechal/.m2/repository/org/apache/lucene/lucene-core/9.8.0/lucene-core-9.8.0.jar:/Users/msenechal/.m2/repository/org/apache/lucene/lucene-queryparser/9.8.0/lucene-queryparser-9.8.0.jar:/Users/msenechal/.m2/repository/org/apache/lucene/lucene-backward-codecs/9.8.0/lucene-backward-codecs-9.8.0.jar:/Users/msenechal/.m2/repository/org/jprocesses/jProcesses/1.6.5/jProcesses-1.6.5.jar:/Users/msenechal/.m2/repository/com/profesorfalken/WMI4Java/1.6.3/WMI4Java-1.6.3.jar:/Users/msenechal/.m2/repository/com/profesorfalken/jPowerShell/3.0/jPowerShell-3.0.jar:/Users/msenechal/.m2/repository/commons-io/commons-io/2.15.0/commons-io-2.15.0.jar:/Users/msenechal/.m2/repository/org/apache/commons/commons-compress/1.24.0/commons-compress-1.24.0.jar:/Users/msenechal/.m2/repository/org/apache/commons/commons-text/1.11.0/commons-text-1.11.0.jar:/Users/msenechal/.m2/repository/org/apache/commons/commons-configuration2/2.9.0/commons-configuration2-2.9.0.jar:/Users/msenechal/.m2/repository/org/neo4j/licensing-proxy/zstd-proxy/5.15.0/zstd-proxy-5.15.0.jar:/Users/msenechal/.m2/repository/com/github/luben/zstd-jni/1.5.5-10/zstd-jni-1.5.5-10.jar:/Users/msenechal/.m2/repository/com/github/ben-manes/caffeine/caffeine/3.1.8/caffeine-3.1.8.jar:/Users/msenechal/.m2/repository/org/apache/commons/commons-lang3/3.13.0/commons-lang3-3.13.0.jar:/Users/msenechal/.m2/repository/org/bitbucket/b_c/jose4j/0.9.3/jose4j-0.9.3.jar:/Users/msenechal/.m2/repository/org/apache/shiro/shiro-core/1.13.0/shiro-core-1.13.0.jar:/Users/msenechal/.m2/repository/org/apache/shiro/shiro-lang/1.13.0/shiro-lang-1.13.0.jar:/Users/msenechal/.m2/repository/org/apache/shiro/shiro-cache/1.13.0/shiro-cache-1.13.0.jar:/Users/msenechal/.m2/repository/org/apache/shiro/shiro-crypto-hash/1.13.0/shiro-crypto-hash-1.13.0.jar:/Users/msenechal/.m2/repository/org/apache/shiro/shiro-crypto-core/1.13.0/shiro-crypto-core-1.13.0.jar:/Users/msenechal/.m2/repository/org/apache/shiro/shiro-crypto-cipher/1.13.0/shiro-crypto-cipher-1.13.0.jar:/Users/msenechal/.m2/repository/org/apache/shiro/shiro-config-core/1.13.0/shiro-config-core-1.13.0.jar:/Users/msenechal/.m2/repository/org/apache/shiro/shiro-event/1.13.0/shiro-event-1.13.0.jar:/Users/msenechal/.m2/repository/com/neo4j/neo4j-dbms-api/5.15.0/neo4j-dbms-api-5.15.0.jar:/Users/msenechal/.m2/repository/org/apache/httpcomponents/httpclient/4.5.12/httpclient-4.5.12.jar:/Users/msenechal/.m2/repository/org/apache/httpcomponents/httpcore/4.4.13/httpcore-4.4.13.jar:/Users/msenechal/.m2/repository/commons-logging/commons-logging/1.2/commons-logging-1.2.jar:/Users/msenechal/.m2/repository/commons-codec/commons-codec/1.11/commons-codec-1.11.jar:/Users/msenechal/.m2/repository/com/neo4j/test/neo4j-harness-enterprise/5.15.0/neo4j-harness-enterprise-5.15.0.jar:/Users/msenechal/.m2/repository/org/neo4j/test/neo4j-harness/5.15.0/neo4j-harness-5.15.0.jar:/Users/msenechal/.m2/repository/org/neo4j/test-utils/5.15.0/test-utils-5.15.0.jar:/Users/msenechal/.m2/repository/org/ow2/asm/asm/9.6/asm-9.6.jar:/Users/msenechal/.m2/repository/org/junit/platform/junit-platform-testkit/1.10.0/junit-platform-testkit-1.10.0.jar:/Users/msenechal/.m2/repository/org/bouncycastle/bcpkix-jdk18on/1.76/bcpkix-jdk18on-1.76.jar:/Users/msenechal/.m2/repository/org/bouncycastle/bcutil-jdk18on/1.76/bcutil-jdk18on-1.76.jar:/Users/msenechal/.m2/repository/org/bouncycastle/bcprov-jdk18on/1.76/bcprov-jdk18on-1.76.jar:/Users/msenechal/.m2/repository/org/neo4j/io-test-utils/5.15.0/io-test-utils-5.15.0.jar:/Users/msenechal/.m2/repository/org/neo4j/app/neo4j-server-test-utils/5.15.0/neo4j-server-test-utils-5.15.0.jar:/Users/msenechal/.m2/repository/org/junit/vintage/junit-vintage-engine/5.10.0/junit-vintage-engine-5.10.0.jar:/Users/msenechal/.m2/repository/com/neo4j/neo4j-enterprise/5.15.0/neo4j-enterprise-5.15.0.jar:/Users/msenechal/.m2/repository/com/neo4j/neo4j-enterprise-cypher/5.15.0/neo4j-enterprise-cypher-5.15.0.jar:/Users/msenechal/.m2/repository/com/neo4j/neo4j-cypher-compiled-expressions/5.15.0/neo4j-cypher-compiled-expressions-5.15.0.jar:/Users/msenechal/.m2/repository/com/neo4j/neo4j-virtual-database/5.15.0/neo4j-virtual-database-5.15.0.jar:/Users/msenechal/.m2/repository/com/neo4j/neo4j-cypher-pipelined-runtime/5.15.0/neo4j-cypher-pipelined-runtime-5.15.0.jar:/Users/msenechal/.m2/repository/com/neo4j/neo4j-causal-clustering/5.15.0/neo4j-causal-clustering-5.15.0.jar:/Users/msenechal/.m2/repository/com/neo4j/neo4j-raft/5.15.0/neo4j-raft-5.15.0.jar:/Users/msenechal/.m2/repository/com/neo4j/neo4j-protocol-raft/5.15.0/neo4j-protocol-raft-5.15.0.jar:/Users/msenechal/.m2/repository/com/neo4j/neo4j-discovery-akka/5.15.0/neo4j-discovery-akka-5.15.0.jar:/Users/msenechal/.m2/repository/com/typesafe/akka/akka-actor_2.13/2.6.19/akka-actor_2.13-2.6.19.jar:/Users/msenechal/.m2/repository/org/scala-lang/modules/scala-java8-compat_2.13/1.0.0/scala-java8-compat_2.13-1.0.0.jar:/Users/msenechal/.m2/repository/com/typesafe/akka/akka-remote_2.13/2.6.19/akka-remote_2.13-2.6.19.jar:/Users/msenechal/.m2/repository/com/typesafe/akka/akka-pki_2.13/2.6.19/akka-pki_2.13-2.6.19.jar:/Users/msenechal/.m2/repository/com/hierynomus/asn-one/0.5.0/asn-one-0.5.0.jar:/Users/msenechal/.m2/repository/com/typesafe/akka/akka-cluster_2.13/2.6.19/akka-cluster_2.13-2.6.19.jar:/Users/msenechal/.m2/repository/com/typesafe/akka/akka-coordination_2.13/2.6.19/akka-coordination_2.13-2.6.19.jar:/Users/msenechal/.m2/repository/com/typesafe/akka/akka-distributed-data_2.13/2.6.19/akka-distributed-data_2.13-2.6.19.jar:/Users/msenechal/.m2/repository/com/typesafe/akka/akka-stream_2.13/2.6.19/akka-stream_2.13-2.6.19.jar:/Users/msenechal/.m2/repository/com/typesafe/akka/akka-protobuf-v3_2.13/2.6.19/akka-protobuf-v3_2.13-2.6.19.jar:/Users/msenechal/.m2/repository/com/typesafe/ssl-config-core_2.13/0.4.3/ssl-config-core_2.13-0.4.3.jar:/Users/msenechal/.m2/repository/org/scala-lang/modules/scala-parser-combinators_2.13/1.1.2/scala-parser-combinators_2.13-1.1.2.jar:/Users/msenechal/.m2/repository/com/typesafe/config/1.4.2/config-1.4.2.jar:/Users/msenechal/.m2/repository/com/neo4j/neo4j-protocol-catchup/5.15.0/neo4j-protocol-catchup-5.15.0.jar:/Users/msenechal/.m2/repository/com/neo4j/neo4j-protocol-dbms/5.15.0/neo4j-protocol-dbms-5.15.0.jar:/Users/msenechal/.m2/repository/com/neo4j/neo4j-protocol-consensus/5.15.0/neo4j-protocol-consensus-5.15.0.jar:/Users/msenechal/.m2/repository/com/neo4j/neo4j-store-management/5.15.0/neo4j-store-management-5.15.0.jar:/Users/msenechal/.m2/repository/org/neo4j/neo4j-lock/5.15.0/neo4j-lock-5.15.0.jar:/Users/msenechal/.m2/repository/org/neo4j/neo4j-ssl/5.15.0/neo4j-ssl-5.15.0.jar:/Users/msenechal/.m2/repository/com/neo4j/neo4j-enterprise-fabric/5.15.0/neo4j-enterprise-fabric-5.15.0.jar:/Users/msenechal/.m2/repository/com/neo4j/neo4j-enterprise-query-router/5.15.0/neo4j-enterprise-query-router-5.15.0.jar:/Users/msenechal/.m2/repository/com/neo4j/cdc/5.15.0/cdc-5.15.0.jar:/Users/msenechal/.m2/repository/org/neo4j/neo4j-import-tool/5.15.0/neo4j-import-tool-5.15.0.jar:/Users/msenechal/.m2/repository/com/neo4j/app/neo4j-server-enterprise/5.15.0/neo4j-server-enterprise-5.15.0.jar:/Users/msenechal/.m2/repository/com/neo4j/neo4j-metrics/5.15.0/neo4j-metrics-5.15.0.jar:/Users/msenechal/.m2/repository/io/dropwizard/metrics/metrics-jmx/4.2.21/metrics-jmx-4.2.21.jar:/Users/msenechal/.m2/repository/io/dropwizard/metrics/metrics-graphite/4.2.21/metrics-graphite-4.2.21.jar:/Users/msenechal/.m2/repository/io/prometheus/simpleclient/0.16.0/simpleclient-0.16.0.jar:/Users/msenechal/.m2/repository/io/prometheus/simpleclient_tracer_otel/0.16.0/simpleclient_tracer_otel-0.16.0.jar:/Users/msenechal/.m2/repository/io/prometheus/simpleclient_tracer_common/0.16.0/simpleclient_tracer_common-0.16.0.jar:/Users/msenechal/.m2/repository/io/prometheus/simpleclient_tracer_otel_agent/0.16.0/simpleclient_tracer_otel_agent-0.16.0.jar:/Users/msenechal/.m2/repository/io/prometheus/simpleclient_httpserver/0.16.0/simpleclient_httpserver-0.16.0.jar:/Users/msenechal/.m2/repository/io/prometheus/simpleclient_common/0.16.0/simpleclient_common-0.16.0.jar:/Users/msenechal/.m2/repository/io/prometheus/simpleclient_dropwizard/0.16.0/simpleclient_dropwizard-0.16.0.jar:/Users/msenechal/.m2/repository/com/neo4j/neo4j-arrow/5.15.0/neo4j-arrow-5.15.0.jar:/Users/msenechal/.m2/repository/org/apache/arrow/flight-core/14.0.0/flight-core-14.0.0.jar:/Users/msenechal/.m2/repository/org/apache/arrow/arrow-format/14.0.0/arrow-format-14.0.0.jar:/Users/msenechal/.m2/repository/com/google/flatbuffers/flatbuffers-java/1.12.0/flatbuffers-java-1.12.0.jar:/Users/msenechal/.m2/repository/org/apache/arrow/arrow-vector/14.0.0/arrow-vector-14.0.0.jar:/Users/msenechal/.m2/repository/com/fasterxml/jackson/datatype/jackson-datatype-jsr310/2.15.1/jackson-datatype-jsr310-2.15.1.jar:/Users/msenechal/.m2/repository/org/apache/arrow/arrow-memory-core/14.0.0/arrow-memory-core-14.0.0.jar:/Users/msenechal/.m2/repository/org/apache/arrow/arrow-memory-netty/14.0.0/arrow-memory-netty-14.0.0.jar:/Users/msenechal/.m2/repository/io/grpc/grpc-netty/1.56.0/grpc-netty-1.56.0.jar:/Users/msenechal/.m2/repository/io/netty/netty-handler-proxy/4.1.87.Final/netty-handler-proxy-4.1.87.Final.jar:/Users/msenechal/.m2/repository/io/netty/netty-codec-socks/4.1.87.Final/netty-codec-socks-4.1.87.Final.jar:/Users/msenechal/.m2/repository/io/perfmark/perfmark-api/0.26.0/perfmark-api-0.26.0.jar:/Users/msenechal/.m2/repository/io/grpc/grpc-core/1.56.0/grpc-core-1.56.0.jar:/Users/msenechal/.m2/repository/com/google/code/gson/gson/2.10.1/gson-2.10.1.jar:/Users/msenechal/.m2/repository/com/google/android/annotations/4.1.1.4/annotations-4.1.1.4.jar:/Users/msenechal/.m2/repository/io/grpc/grpc-context/1.56.0/grpc-context-1.56.0.jar:/Users/msenechal/.m2/repository/io/grpc/grpc-protobuf/1.56.0/grpc-protobuf-1.56.0.jar:/Users/msenechal/.m2/repository/com/google/api/grpc/proto-google-common-protos/2.17.0/proto-google-common-protos-2.17.0.jar:/Users/msenechal/.m2/repository/io/grpc/grpc-protobuf-lite/1.56.0/grpc-protobuf-lite-1.56.0.jar:/Users/msenechal/.m2/repository/io/netty/netty-tcnative-boringssl-static/2.0.61.Final/netty-tcnative-boringssl-static-2.0.61.Final.jar:/Users/msenechal/.m2/repository/io/netty/netty-tcnative-boringssl-static/2.0.61.Final/netty-tcnative-boringssl-static-2.0.61.Final-linux-x86_64.jar:/Users/msenechal/.m2/repository/io/netty/netty-tcnative-boringssl-static/2.0.61.Final/netty-tcnative-boringssl-static-2.0.61.Final-linux-aarch_64.jar:/Users/msenechal/.m2/repository/io/netty/netty-tcnative-boringssl-static/2.0.61.Final/netty-tcnative-boringssl-static-2.0.61.Final-osx-x86_64.jar:/Users/msenechal/.m2/repository/io/netty/netty-tcnative-boringssl-static/2.0.61.Final/netty-tcnative-boringssl-static-2.0.61.Final-osx-aarch_64.jar:/Users/msenechal/.m2/repository/io/netty/netty-tcnative-boringssl-static/2.0.61.Final/netty-tcnative-boringssl-static-2.0.61.Final-windows-x86_64.jar:/Users/msenechal/.m2/repository/com/google/guava/guava/31.1-jre/guava-31.1-jre.jar:/Users/msenechal/.m2/repository/com/google/guava/failureaccess/1.0.1/failureaccess-1.0.1.jar:/Users/msenechal/.m2/repository/com/google/guava/listenablefuture/9999.0-empty-to-avoid-conflict-with-guava/listenablefuture-9999.0-empty-to-avoid-conflict-with-guava.jar:/Users/msenechal/.m2/repository/io/grpc/grpc-stub/1.56.0/grpc-stub-1.56.0.jar:/Users/msenechal/.m2/repository/com/google/protobuf/protobuf-java/3.23.1/protobuf-java-3.23.1.jar:/Users/msenechal/.m2/repository/io/grpc/grpc-api/1.56.0/grpc-api-1.56.0.jar:/Users/msenechal/.m2/repository/io/netty/netty-codec-http2/4.1.100.Final/netty-codec-http2-4.1.100.Final.jar:/Users/msenechal/.m2/repository/com/neo4j/gds-write-service/5.15.0/gds-write-service-5.15.0.jar:/Users/msenechal/.m2/repository/org/agrona/agrona/1.14.0/agrona-1.14.0.jar:/Users/msenechal/.m2/repository/com/neo4j/neo4j-block-storage-engine/5.15.0/neo4j-block-storage-engine-5.15.0.jar:/Users/msenechal/.m2/repository/com/neo4j/enterprise-it-test-support/5.15.0/enterprise-it-test-support-5.15.0.jar:/Users/msenechal/.m2/repository/org/neo4j/neo4j/5.15.0/neo4j-5.15.0.jar:/Users/msenechal/.m2/repository/org/neo4j/neo4j-fabric/5.15.0/neo4j-fabric-5.15.0.jar:/Users/msenechal/.m2/repository/org/neo4j/neo4j-front-end/5.15.0/neo4j-front-end-5.15.0.jar:/Users/msenechal/.m2/repository/org/neo4j/neo4j-query-router/5.15.0/neo4j-query-router-5.15.0.jar:/Users/msenechal/.m2/repository/org/neo4j/neo4j-graph-algo/5.15.0/neo4j-graph-algo-5.15.0.jar:/Users/msenechal/.m2/repository/org/neo4j/neo4j-data-collector/5.15.0/neo4j-data-collector-5.15.0.jar:/Users/msenechal/.m2/repository/org/neo4j/neo4j-rewriting/5.15.0/neo4j-rewriting-5.15.0.jar:/Users/msenechal/.m2/repository/org/neo4j/neo4j-bolt/5.15.0/neo4j-bolt-5.15.0.jar:/Users/msenechal/.m2/repository/org/neo4j/server-api/5.15.0/server-api-5.15.0.jar:/Users/msenechal/.m2/repository/jakarta/ws/rs/jakarta.ws.rs-api/2.1.6/jakarta.ws.rs-api-2.1.6.jar:/Users/msenechal/.m2/repository/io/netty/netty-codec-http/4.1.100.Final/netty-codec-http-4.1.100.Final.jar:/Users/msenechal/.m2/repository/io/netty/netty-transport-native-epoll/4.1.100.Final/netty-transport-native-epoll-4.1.100.Final-linux-x86_64.jar:/Users/msenechal/.m2/repository/io/netty/netty-transport-classes-epoll/4.1.100.Final/netty-transport-classes-epoll-4.1.100.Final.jar:/Users/msenechal/.m2/repository/io/netty/netty-transport-native-epoll/4.1.100.Final/netty-transport-native-epoll-4.1.100.Final-linux-aarch_64.jar:/Users/msenechal/.m2/repository/io/netty/netty-transport-native-kqueue/4.1.100.Final/netty-transport-native-kqueue-4.1.100.Final-osx-x86_64.jar:/Users/msenechal/.m2/repository/io/netty/netty-transport-classes-kqueue/4.1.100.Final/netty-transport-classes-kqueue-4.1.100.Final.jar:/Users/msenechal/.m2/repository/io/netty/netty-transport-native-kqueue/4.1.100.Final/netty-transport-native-kqueue-4.1.100.Final-osx-aarch_64.jar:/Users/msenechal/.m2/repository/org/neo4j/neo4j-consistency-check/5.15.0/neo4j-consistency-check-5.15.0.jar:/Users/msenechal/.m2/repository/org/neo4j/app/neo4j-server/5.15.0/neo4j-server-5.15.0.jar:/Users/msenechal/.m2/repository/org/eclipse/jetty/jetty-server/10.0.17/jetty-server-10.0.17.jar:/Users/msenechal/.m2/repository/org/eclipse/jetty/toolchain/jetty-servlet-api/4.0.6/jetty-servlet-api-4.0.6.jar:/Users/msenechal/.m2/repository/org/eclipse/jetty/jetty-webapp/10.0.17/jetty-webapp-10.0.17.jar:/Users/msenechal/.m2/repository/org/eclipse/jetty/jetty-servlet/10.0.17/jetty-servlet-10.0.17.jar:/Users/msenechal/.m2/repository/org/eclipse/jetty/jetty-security/10.0.17/jetty-security-10.0.17.jar:/Users/msenechal/.m2/repository/org/eclipse/jetty/jetty-xml/10.0.17/jetty-xml-10.0.17.jar:/Users/msenechal/.m2/repository/org/glassfish/jersey/inject/jersey-hk2/2.34/jersey-hk2-2.34.jar:/Users/msenechal/.m2/repository/org/glassfish/jersey/core/jersey-common/2.34/jersey-common-2.34.jar:/Users/msenechal/.m2/repository/jakarta/annotation/jakarta.annotation-api/1.3.5/jakarta.annotation-api-1.3.5.jar:/Users/msenechal/.m2/repository/org/glassfish/hk2/external/jakarta.inject/2.6.1/jakarta.inject-2.6.1.jar:/Users/msenechal/.m2/repository/org/glassfish/hk2/hk2-locator/2.6.1/hk2-locator-2.6.1.jar:/Users/msenechal/.m2/repository/org/glassfish/hk2/hk2-api/2.6.1/hk2-api-2.6.1.jar:/Users/msenechal/.m2/repository/org/glassfish/hk2/hk2-utils/2.6.1/hk2-utils-2.6.1.jar:/Users/msenechal/.m2/repository/org/javassist/javassist/3.25.0-GA/javassist-3.25.0-GA.jar:/Users/msenechal/.m2/repository/org/glassfish/jersey/containers/jersey-container-servlet/2.34/jersey-container-servlet-2.34.jar:/Users/msenechal/.m2/repository/org/glassfish/jersey/containers/jersey-container-servlet-core/2.34/jersey-container-servlet-core-2.34.jar:/Users/msenechal/.m2/repository/org/glassfish/jersey/core/jersey-server/2.34/jersey-server-2.34.jar:/Users/msenechal/.m2/repository/org/glassfish/jersey/core/jersey-client/2.34/jersey-client-2.34.jar:/Users/msenechal/.m2/repository/jakarta/validation/jakarta.validation-api/2.0.2/jakarta.validation-api-2.0.2.jar:/Users/msenechal/.m2/repository/com/fasterxml/jackson/core/jackson-core/2.15.2/jackson-core-2.15.2.jar:/Users/msenechal/.m2/repository/com/fasterxml/jackson/jaxrs/jackson-jaxrs-json-provider/2.15.2/jackson-jaxrs-json-provider-2.15.2.jar:/Users/msenechal/.m2/repository/com/fasterxml/jackson/jaxrs/jackson-jaxrs-base/2.15.2/jackson-jaxrs-base-2.15.2.jar:/Users/msenechal/.m2/repository/com/fasterxml/jackson/module/jackson-module-jaxb-annotations/2.15.2/jackson-module-jaxb-annotations-2.15.2.jar:/Users/msenechal/.m2/repository/org/glassfish/jaxb/jaxb-runtime/2.3.2/jaxb-runtime-2.3.2.jar:/Users/msenechal/.m2/repository/org/glassfish/jaxb/txw2/2.3.2/txw2-2.3.2.jar:/Users/msenechal/.m2/repository/com/sun/istack/istack-commons-runtime/3.0.8/istack-commons-runtime-3.0.8.jar:/Users/msenechal/.m2/repository/org/jvnet/staxex/stax-ex/1.8.1/stax-ex-1.8.1.jar:/Users/msenechal/.m2/repository/com/sun/xml/fastinfoset/FastInfoset/1.2.16/FastInfoset-1.2.16.jar:/Users/msenechal/.m2/repository/jakarta/activation/jakarta.activation-api/1.2.1/jakarta.activation-api-1.2.1.jar:/Users/msenechal/.m2/repository/jakarta/xml/bind/jakarta.xml.bind-api/2.3.2/jakarta.xml.bind-api-2.3.2.jar:/Users/msenechal/.m2/repository/org/neo4j/neo4j-capabilities/5.15.0/neo4j-capabilities-5.15.0.jar:/Users/msenechal/.m2/repository/org/neo4j/neo4j-slf4j-provider/5.15.0/neo4j-slf4j-provider-5.15.0.jar:/Users/msenechal/.m2/repository/org/neo4j/community/it-test-support/5.15.0/it-test-support-5.15.0.jar:/Users/msenechal/.m2/repository/org/neo4j/layout-test-utils/5.15.0/layout-test-utils-5.15.0.jar:/Users/msenechal/.m2/repository/com/neo4j/neo4j-dbms-enterprise/5.15.0/neo4j-dbms-enterprise-5.15.0.jar:/Users/msenechal/.m2/repository/com/neo4j/neo4j-cluster-common/5.15.0/neo4j-cluster-common-5.15.0.jar:/Users/msenechal/.m2/repository/org/lz4/lz4-java/1.8.0/lz4-java-1.8.0.jar:/Users/msenechal/.m2/repository/com/neo4j/neo4j-backup/5.15.0/neo4j-backup-5.15.0.jar:/Users/msenechal/.m2/repository/org/neo4j/log-test-utils/5.15.0/log-test-utils-5.15.0.jar:/Users/msenechal/.m2/repository/com/fasterxml/jackson/core/jackson-databind/2.15.2/jackson-databind-2.15.2.jar:/Users/msenechal/.m2/repository/com/fasterxml/jackson/core/jackson-annotations/2.15.2/jackson-annotations-2.15.2.jar:/Users/msenechal/.m2/repository/org/neo4j/neo4j-kernel-test-utils/5.15.0/neo4j-kernel-test-utils-5.15.0.jar:/Users/msenechal/.m2/repository/org/neo4j/kernel-api-test-utils/5.15.0/kernel-api-test-utils-5.15.0.jar:/Users/msenechal/.m2/repository/org/neo4j/storage-engine-test-utils/5.15.0/storage-engine-test-utils-5.15.0.jar:/Users/msenechal/.m2/repository/org/neo4j/wal-test-utils/5.15.0/wal-test-utils-5.15.0.jar:/Users/msenechal/.m2/repository/org/neo4j/neo4j-record-storage-engine/5.15.0/neo4j-record-storage-engine-5.15.0.jar:/Users/msenechal/.m2/repository/com/neo4j/neo4j-enterprise-record-storage-engine/5.15.0/neo4j-enterprise-record-storage-engine-5.15.0.jar:/Users/msenechal/.m2/repository/org/neo4j/neo4j-random-values/5.15.0/neo4j-random-values-5.15.0.jar:/Users/msenechal/.m2/repository/org/hamcrest/hamcrest/2.2/hamcrest-2.2.jar:/Users/msenechal/.m2/repository/org/assertj/assertj-core/3.24.2/assertj-core-3.24.2.jar:/Users/msenechal/.m2/repository/org/awaitility/awaitility/4.2.0/awaitility-4.2.0.jar:/Users/msenechal/.m2/repository/org/neo4j/test-proxy/5.15.0/test-proxy-5.15.0.jar:/Users/msenechal/.m2/repository/com/github/netcrusherorg/netcrusher-core/0.10/netcrusher-core-0.10.jar:/Users/msenechal/.m2/repository/com/neo4j/neo4j-discovery-lighthouse/5.15.0/neo4j-discovery-lighthouse-5.15.0.jar:/Users/msenechal/.m2/repository/com/neo4j/neo4j-raft-common/5.15.0/neo4j-raft-common-5.15.0.jar:/Users/msenechal/.m2/repository/com/neo4j/neo4j-discovery/5.15.0/neo4j-discovery-5.15.0.jar:/Users/msenechal/.m2/repository/org/eclipse/jetty/jetty-http/10.0.17/jetty-http-10.0.17.jar:/Users/msenechal/.m2/repository/org/eclipse/jetty/jetty-client/10.0.17/jetty-client-10.0.17.jar:/Users/msenechal/.m2/repository/org/eclipse/jetty/jetty-alpn-client/10.0.17/jetty-alpn-client-10.0.17.jar:/Users/msenechal/.m2/repository/org/eclipse/jetty/jetty-util/10.0.17/jetty-util-10.0.17.jar:/Users/msenechal/.m2/repository/org/eclipse/jetty/jetty-io/10.0.17/jetty-io-10.0.17.jar:/Users/msenechal/.m2/repository/com/neo4j/gossip-protocol/5.15.0/gossip-protocol-5.15.0.jar:/Users/msenechal/.m2/repository/org/jetbrains/annotations/24.0.1/annotations-24.0.1.jar:/Users/msenechal/.m2/repository/com/neo4j/crdt-library/5.15.0/crdt-library-5.15.0.jar:/Users/msenechal/.m2/repository/com/neo4j/neo4j-protocol-lighthouse/5.15.0/neo4j-protocol-lighthouse-5.15.0.jar:/Users/msenechal/.m2/repository/com/neo4j/common/5.15.0/common-5.15.0.jar:/Users/msenechal/.m2/repository/org/neo4j/neo4j-monitoring/5.15.0/neo4j-monitoring-5.15.0.jar:/Users/msenechal/.m2/repository/io/netty/netty-buffer/4.1.100.Final/netty-buffer-4.1.100.Final.jar:/Users/msenechal/.m2/repository/com/neo4j/lighthouse-assembler/5.15.0/lighthouse-assembler-5.15.0.jar:/Users/msenechal/.m2/repository/org/neo4j/driver/neo4j-java-driver/5.15.0/neo4j-java-driver-5.15.0.jar:/Users/msenechal/.m2/repository/org/reactivestreams/reactive-streams/1.0.4/reactive-streams-1.0.4.jar:/Users/msenechal/.m2/repository/io/netty/netty-handler/4.1.101.Final/netty-handler-4.1.101.Final.jar:/Users/msenechal/.m2/repository/io/netty/netty-common/4.1.101.Final/netty-common-4.1.101.Final.jar:/Users/msenechal/.m2/repository/io/netty/netty-resolver/4.1.101.Final/netty-resolver-4.1.101.Final.jar:/Users/msenechal/.m2/repository/io/netty/netty-transport/4.1.101.Final/netty-transport-4.1.101.Final.jar:/Users/msenechal/.m2/repository/io/netty/netty-transport-native-unix-common/4.1.101.Final/netty-transport-native-unix-common-4.1.101.Final.jar:/Users/msenechal/.m2/repository/io/netty/netty-codec/4.1.101.Final/netty-codec-4.1.101.Final.jar:/Users/msenechal/.m2/repository/io/netty/netty-tcnative-classes/2.0.61.Final/netty-tcnative-classes-2.0.61.Final.jar:/Users/msenechal/.m2/repository/io/projectreactor/reactor-core/3.6.0/reactor-core-3.6.0.jar:/Users/msenechal/.m2/repository/org/apache/directory/server/apacheds-server-integ/2.0.0-M23/apacheds-server-integ-2.0.0-M23.jar:/Users/msenechal/.m2/repository/org/apache/directory/server/apacheds-core/2.0.0-M23/apacheds-core-2.0.0-M23.jar:/Users/msenechal/.m2/repository/org/apache/directory/server/apacheds-i18n/2.0.0-M23/apacheds-i18n-2.0.0-M23.jar:/Users/msenechal/.m2/repository/org/apache/directory/server/apacheds-interceptors-admin/2.0.0-M23/apacheds-interceptors-admin-2.0.0-M23.jar:/Users/msenechal/.m2/repository/org/apache/directory/server/apacheds-interceptors-authn/2.0.0-M23/apacheds-interceptors-authn-2.0.0-M23.jar:/Users/msenechal/.m2/repository/org/apache/directory/server/apacheds-interceptors-number/2.0.0-M23/apacheds-interceptors-number-2.0.0-M23.jar:/Users/msenechal/.m2/repository/org/apache/directory/server/apacheds-interceptors-authz/2.0.0-M23/apacheds-interceptors-authz-2.0.0-M23.jar:/Users/msenechal/.m2/repository/org/apache/directory/server/apacheds-interceptors-changelog/2.0.0-M23/apacheds-interceptors-changelog-2.0.0-M23.jar:/Users/msenechal/.m2/repository/org/apache/directory/server/apacheds-interceptors-collective/2.0.0-M23/apacheds-interceptors-collective-2.0.0-M23.jar:/Users/msenechal/.m2/repository/org/apache/directory/server/apacheds-interceptors-event/2.0.0-M23/apacheds-interceptors-event-2.0.0-M23.jar:/Users/msenechal/.m2/repository/org/apache/directory/server/apacheds-interceptors-exception/2.0.0-M23/apacheds-interceptors-exception-2.0.0-M23.jar:/Users/msenechal/.m2/repository/org/apache/directory/server/apacheds-interceptors-journal/2.0.0-M23/apacheds-interceptors-journal-2.0.0-M23.jar:/Users/msenechal/.m2/repository/org/apache/directory/server/apacheds-interceptors-normalization/2.0.0-M23/apacheds-interceptors-normalization-2.0.0-M23.jar:/Users/msenechal/.m2/repository/org/apache/directory/server/apacheds-interceptors-operational/2.0.0-M23/apacheds-interceptors-operational-2.0.0-M23.jar:/Users/msenechal/.m2/repository/org/apache/directory/server/apacheds-interceptors-referral/2.0.0-M23/apacheds-interceptors-referral-2.0.0-M23.jar:/Users/msenechal/.m2/repository/org/apache/directory/server/apacheds-interceptors-schema/2.0.0-M23/apacheds-interceptors-schema-2.0.0-M23.jar:/Users/msenechal/.m2/repository/org/apache/directory/server/apacheds-interceptors-subtree/2.0.0-M23/apacheds-interceptors-subtree-2.0.0-M23.jar:/Users/msenechal/.m2/repository/org/apache/directory/server/apacheds-interceptors-trigger/2.0.0-M23/apacheds-interceptors-trigger-2.0.0-M23.jar:/Users/msenechal/.m2/repository/org/apache/directory/api/api-ldap-extras-trigger/1.0.0-RC1/api-ldap-extras-trigger-1.0.0-RC1.jar:/Users/msenechal/.m2/repository/commons-lang/commons-lang/2.6/commons-lang-2.6.jar:/Users/msenechal/.m2/repository/org/apache/directory/api/api-ldap-extras-util/1.0.0-RC1/api-ldap-extras-util-1.0.0-RC1.jar:/Users/msenechal/.m2/repository/org/apache/directory/api/api-ldap-schema-data/1.0.0-RC1/api-ldap-schema-data-1.0.0-RC1.jar:/Users/msenechal/.m2/repository/org/bouncycastle/bcprov-jdk15on/1.53/bcprov-jdk15on-1.53.jar:/Users/msenechal/.m2/repository/org/apache/directory/server/apacheds-core-annotations/2.0.0-M23/apacheds-core-annotations-2.0.0-M23.jar:/Users/msenechal/.m2/repository/org/apache/directory/server/apacheds-ldif-partition/2.0.0-M23/apacheds-ldif-partition-2.0.0-M23.jar:/Users/msenechal/.m2/repository/org/apache/directory/server/apacheds-jdbm-partition/2.0.0-M23/apacheds-jdbm-partition-2.0.0-M23.jar:/Users/msenechal/.m2/repository/org/apache/directory/server/apacheds-core-avl/2.0.0-M23/apacheds-core-avl-2.0.0-M23.jar:/Users/msenechal/.m2/repository/org/apache/directory/server/apacheds-xdbm-partition/2.0.0-M23/apacheds-xdbm-partition-2.0.0-M23.jar:/Users/msenechal/.m2/repository/org/apache/directory/mavibot/mavibot/1.0.0-M8/mavibot-1.0.0-M8.jar:/Users/msenechal/.m2/repository/org/apache/directory/server/apacheds-mavibot-partition/2.0.0-M23/apacheds-mavibot-partition-2.0.0-M23.jar:/Users/msenechal/.m2/repository/junit/junit/4.12/junit-4.12.jar:/Users/msenechal/.m2/repository/org/apache/directory/server/apacheds-core-api/2.0.0-M23/apacheds-core-api-2.0.0-M23.jar:/Users/msenechal/.m2/repository/org/apache/directory/server/apacheds-core-constants/2.0.0-M23/apacheds-core-constants-2.0.0-M23.jar:/Users/msenechal/.m2/repository/org/apache/directory/api/api-i18n/1.0.0-RC1/api-i18n-1.0.0-RC1.jar:/Users/msenechal/.m2/repository/org/apache/directory/api/api-ldap-extras-aci/1.0.0-RC1/api-ldap-extras-aci-1.0.0-RC1.jar:/Users/msenechal/.m2/repository/net/sf/ehcache/ehcache/2.8.5/ehcache-2.8.5.jar:/Users/msenechal/.m2/repository/org/apache/directory/server/apacheds-core-shared/2.0.0-M23/apacheds-core-shared-2.0.0-M23.jar:/Users/msenechal/.m2/repository/org/apache/directory/api/api-ldap-extras-codec-api/1.0.0-RC1/api-ldap-extras-codec-api-1.0.0-RC1.jar:/Users/msenechal/.m2/repository/org/apache/directory/jdbm/apacheds-jdbm1/2.0.0-M3/apacheds-jdbm1-2.0.0-M3.jar:/Users/msenechal/.m2/repository/org/apache/directory/server/apacheds-core-integ/2.0.0-M23/apacheds-core-integ-2.0.0-M23.jar:/Users/msenechal/.m2/repository/org/apache/directory/server/apacheds-interceptors-hash/2.0.0-M23/apacheds-interceptors-hash-2.0.0-M23.jar:/Users/msenechal/.m2/repository/org/apache/directory/server/apacheds-server-config/2.0.0-M23/apacheds-server-config-2.0.0-M23.jar:/Users/msenechal/.m2/repository/org/apache/directory/server/apacheds-core-jndi/2.0.0-M23/apacheds-core-jndi-2.0.0-M23.jar:/Users/msenechal/.m2/repository/org/apache/directory/server/apacheds-kerberos-codec/2.0.0-M23/apacheds-kerberos-codec-2.0.0-M23.jar:/Users/msenechal/.m2/repository/org/apache/directory/api/api-asn1-ber/1.0.0-RC1/api-asn1-ber-1.0.0-RC1.jar:/Users/msenechal/.m2/repository/org/apache/directory/server/apacheds-interceptor-kerberos/2.0.0-M23/apacheds-interceptor-kerberos-2.0.0-M23.jar:/Users/msenechal/.m2/repository/org/apache/directory/server/apacheds-protocol-ldap/2.0.0-M23/apacheds-protocol-ldap-2.0.0-M23.jar:/Users/msenechal/.m2/repository/org/apache/directory/server/apacheds-protocol-shared/2.0.0-M23/apacheds-protocol-shared-2.0.0-M23.jar:/Users/msenechal/.m2/repository/org/apache/directory/server/apacheds-server-annotations/2.0.0-M23/apacheds-server-annotations-2.0.0-M23.jar:/Users/msenechal/.m2/repository/org/apache/directory/server/apacheds-protocol-kerberos/2.0.0-M23/apacheds-protocol-kerberos-2.0.0-M23.jar:/Users/msenechal/.m2/repository/org/apache/directory/server/apacheds-test-framework/2.0.0-M23/apacheds-test-framework-2.0.0-M23.jar:/Users/msenechal/.m2/repository/org/apache/directory/api/api-ldap-codec-standalone/1.0.0-RC1/api-ldap-codec-standalone-1.0.0-RC1.jar:/Users/msenechal/.m2/repository/org/apache/directory/api/api-ldap-net-mina/1.0.0-RC1/api-ldap-net-mina-1.0.0-RC1.jar:/Users/msenechal/.m2/repository/ldapsdk/ldapsdk/4.1/ldapsdk-4.1.jar:/Users/msenechal/.m2/repository/log4j/log4j/1.2.17/log4j-1.2.17.jar:/Users/msenechal/.m2/repository/org/apache/directory/api/api-asn1-api/1.0.0-RC1/api-asn1-api-1.0.0-RC1.jar:/Users/msenechal/.m2/repository/org/apache/directory/api/api-ldap-extras-sp/1.0.0-RC1/api-ldap-extras-sp-1.0.0-RC1.jar:/Users/msenechal/.m2/repository/org/apache/directory/api/api-ldap-codec-core/1.0.0-RC1/api-ldap-codec-core-1.0.0-RC1.jar:/Users/msenechal/.m2/repository/commons-collections/commons-collections/3.2.2/commons-collections-3.2.2.jar:/Users/msenechal/.m2/repository/org/apache/directory/api/api-ldap-extras-codec/1.0.0-RC1/api-ldap-extras-codec-1.0.0-RC1.jar:/Users/msenechal/.m2/repository/org/apache/directory/api/api-ldap-model/1.0.0-RC1/api-ldap-model-1.0.0-RC1.jar:/Users/msenechal/.m2/repository/org/apache/servicemix/bundles/org.apache.servicemix.bundles.antlr/2.7.7_5/org.apache.servicemix.bundles.antlr-2.7.7_5.jar:/Users/msenechal/.m2/repository/org/apache/directory/api/api-util/1.0.0-RC1/api-util-1.0.0-RC1.jar:/Users/msenechal/.m2/repository/org/apache/mina/mina-core/2.0.13/mina-core-2.0.13.jar:/Users/msenechal/.m2/repository/org/apache/directory/api/api-ldap-client-api/1.0.0-RC1/api-ldap-client-api-1.0.0-RC1.jar:/Users/msenechal/.m2/repository/commons-pool/commons-pool/1.6/commons-pool-1.6.jar:/Users/msenechal/.m2/repository/org/apache/directory/api/api-dsml-engine/1.0.0-RC1/api-dsml-engine-1.0.0-RC1.jar:/Users/msenechal/.m2/repository/org/apache/directory/api/api-dsml-parser/1.0.0-RC1/api-dsml-parser-1.0.0-RC1.jar:/Users/msenechal/.m2/repository/org/apache/servicemix/bundles/org.apache.servicemix.bundles.xpp3/1.1.4c_7/org.apache.servicemix.bundles.xpp3-1.1.4c_7.jar:/Users/msenechal/.m2/repository/org/apache/servicemix/bundles/org.apache.servicemix.bundles.dom4j/1.6.1_5/org.apache.servicemix.bundles.dom4j-1.6.1_5.jar:/Users/msenechal/.m2/repository/xml-apis/xml-apis/1.0.b2/xml-apis-1.0.b2.jar:/Users/msenechal/.m2/repository/org/slf4j/slf4j-api/1.7.14/slf4j-api-1.7.14.jar:/Users/msenechal/.m2/repository/org/hamcrest/hamcrest-library/1.3/hamcrest-library-1.3.jar:/Users/msenechal/.m2/repository/org/hamcrest/hamcrest-core/1.3/hamcrest-core-1.3.jar:/Users/msenechal/.m2/repository/org/mockito/mockito-core/1.10.19/mockito-core-1.10.19.jar:/Users/msenechal/.m2/repository/org/objenesis/objenesis/2.1/objenesis-2.1.jar:/Users/msenechal/.m2/repository/org/junit/jupiter/junit-jupiter/5.7.2/junit-jupiter-5.7.2.jar:/Users/msenechal/.m2/repository/org/junit/jupiter/junit-jupiter-api/5.7.2/junit-jupiter-api-5.7.2.jar:/Users/msenechal/.m2/repository/org/apiguardian/apiguardian-api/1.1.0/apiguardian-api-1.1.0.jar:/Users/msenechal/.m2/repository/org/opentest4j/opentest4j/1.2.0/opentest4j-1.2.0.jar:/Users/msenechal/.m2/repository/org/junit/platform/junit-platform-commons/1.7.2/junit-platform-commons-1.7.2.jar:/Users/msenechal/.m2/repository/org/junit/jupiter/junit-jupiter-params/5.7.2/junit-jupiter-params-5.7.2.jar:/Users/msenechal/.m2/repository/org/junit/jupiter/junit-jupiter-engine/5.7.2/junit-jupiter-engine-5.7.2.jar:/Users/msenechal/.m2/repository/org/junit/platform/junit-platform-engine/1.7.2/junit-platform-engine-1.7.2.jar:"/>
    <property name="java.vm.vendor" value="Azul Systems, Inc."/>
    <property name="sun.arch.data.model" value="64"/>
    <property name="java.vendor.url" value="http://www.azul.com/"/>
    <property name="os.name" value="Mac OS X"/>
    <property name="java.vm.specification.version" value="17"/>
    <property name="sun.java.launcher" value="SUN_STANDARD"/>
    <property name="user.country" value="GB"/>
    <property name="sonar.password" value="password"/>
    <property name="sun.boot.library.path" value="/Users/msenechal/.sdkman/candidates/java/17.0.8-zulu/zulu-17.jdk/Contents/Home/lib"/>
    <property name="sun.java.command" value="/Users/msenechal/Documents/projects/Clients/ECB/NAVI/navi-neo4j-auth-plugin/plugins/target/surefire/surefirebooter5067400242192062325.jar /Users/msenechal/Documents/projects/Clients/ECB/NAVI/navi-neo4j-auth-plugin/plugins/target/surefire 2024-07-04T15-45-30_967-jvmRun1 surefire1991646403288135089tmp surefire_014651981714750743447tmp"/>
    <property name="http.nonProxyHosts" value="local|*.local|169.254/16|*.169.254/16"/>
    <property name="jdk.debug" value="release"/>
    <property name="surefire.test.class.path" value="/Users/msenechal/Documents/projects/Clients/ECB/NAVI/navi-neo4j-auth-plugin/plugins/target/test-classes:/Users/msenechal/Documents/projects/Clients/ECB/NAVI/navi-neo4j-auth-plugin/plugins/target/classes:/Users/msenechal/.m2/repository/com/neo4j/neo4j-security-enterprise/5.15.0/neo4j-security-enterprise-5.15.0.jar:/Users/msenechal/.m2/repository/org/neo4j/annotations/5.15.0/annotations-5.15.0.jar:/Users/msenechal/.m2/repository/org/eclipse/collections/eclipse-collections/11.1.0/eclipse-collections-11.1.0.jar:/Users/msenechal/.m2/repository/org/eclipse/collections/eclipse-collections-api/11.1.0/eclipse-collections-api-11.1.0.jar:/Users/msenechal/.m2/repository/org/neo4j/neo4j-kernel/5.15.0/neo4j-kernel-5.15.0.jar:/Users/msenechal/.m2/repository/org/neo4j/neo4j-native/5.15.0/neo4j-native-5.15.0.jar:/Users/msenechal/.m2/repository/net/java/dev/jna/jna/5.13.0/jna-5.13.0.jar:/Users/msenechal/.m2/repository/org/neo4j/neo4j-graphdb-api/5.15.0/neo4j-graphdb-api-5.15.0.jar:/Users/msenechal/.m2/repository/org/neo4j/neo4j-resource/5.15.0/neo4j-resource-5.15.0.jar:/Users/msenechal/.m2/repository/org/neo4j/neo4j-kernel-api/5.15.0/neo4j-kernel-api-5.15.0.jar:/Users/msenechal/.m2/repository/org/neo4j/neo4j-diagnostics/5.15.0/neo4j-diagnostics-5.15.0.jar:/Users/msenechal/.m2/repository/org/neo4j/neo4j-schema/5.15.0/neo4j-schema-5.15.0.jar:/Users/msenechal/.m2/repository/org/neo4j/neo4j-token-api/5.15.0/neo4j-token-api-5.15.0.jar:/Users/msenechal/.m2/repository/org/neo4j/neo4j-storage-engine-util/5.15.0/neo4j-storage-engine-util-5.15.0.jar:/Users/msenechal/.m2/repository/org/neo4j/neo4j-common/5.15.0/neo4j-common-5.15.0.jar:/Users/msenechal/.m2/repository/org/neo4j/neo4j-values/5.15.0/neo4j-values-5.15.0.jar:/Users/msenechal/.m2/repository/org/neo4j/neo4j-exceptions/5.15.0/neo4j-exceptions-5.15.0.jar:/Users/msenechal/.m2/repository/org/neo4j/neo4j-unsafe/5.15.0/neo4j-unsafe-5.15.0.jar:/Users/msenechal/.m2/repository/org/neo4j/neo4j-collections/5.15.0/neo4j-collections-5.15.0.jar:/Users/msenechal/.m2/repository/org/neo4j/neo4j-io/5.15.0/neo4j-io-5.15.0.jar:/Users/msenechal/.m2/repository/org/neo4j/neo4j-concurrent/5.15.0/neo4j-concurrent-5.15.0.jar:/Users/msenechal/.m2/repository/org/neo4j/neo4j-logging/5.15.0/neo4j-logging-5.15.0.jar:/Users/msenechal/.m2/repository/org/codehaus/jettison/jettison/1.5.4/jettison-1.5.4.jar:/Users/msenechal/.m2/repository/org/apache/logging/log4j/log4j-api/2.20.0/log4j-api-2.20.0.jar:/Users/msenechal/.m2/repository/org/apache/logging/log4j/log4j-core/2.20.0/log4j-core-2.20.0.jar:/Users/msenechal/.m2/repository/org/apache/logging/log4j/log4j-layout-template-json/2.20.0/log4j-layout-template-json-2.20.0.jar:/Users/msenechal/.m2/repository/org/neo4j/neo4j-configuration/5.15.0/neo4j-configuration-5.15.0.jar:/Users/msenechal/.m2/repository/com/github/seancfoley/ipaddress/5.4.0/ipaddress-5.4.0.jar:/Users/msenechal/.m2/repository/org/neo4j/neo4j-layout/5.15.0/neo4j-layout-5.15.0.jar:/Users/msenechal/.m2/repository/org/neo4j/neo4j-index/5.15.0/neo4j-index-5.15.0.jar:/Users/msenechal/.m2/repository/org/neo4j/neo4j-spatial-index/5.15.0/neo4j-spatial-index-5.15.0.jar:/Users/msenechal/.m2/repository/org/neo4j/neo4j-fulltext-index/5.15.0/neo4j-fulltext-index-5.15.0.jar:/Users/msenechal/.m2/repository/org/neo4j/neo4j-id-generator/5.15.0/neo4j-id-generator-5.15.0.jar:/Users/msenechal/.m2/repository/org/neo4j/neo4j-wal/5.15.0/neo4j-wal-5.15.0.jar:/Users/msenechal/.m2/repository/org/neo4j/neo4j-import-util/5.15.0/neo4j-import-util-5.15.0.jar:/Users/msenechal/.m2/repository/org/neo4j/neo4j-csv/5.15.0/neo4j-csv-5.15.0.jar:/Users/msenechal/.m2/repository/org/jctools/jctools-core/4.0.1/jctools-core-4.0.1.jar:/Users/msenechal/.m2/repository/com/neo4j/neo4j-enterprise-kernel/5.15.0/neo4j-enterprise-kernel-5.15.0.jar:/Users/msenechal/.m2/repository/io/dropwizard/metrics/metrics-core/4.2.21/metrics-core-4.2.21.jar:/Users/msenechal/.m2/repository/com/neo4j/neo4j-enterprise-procedure/5.15.0/neo4j-enterprise-procedure-5.15.0.jar:/Users/msenechal/.m2/repository/org/neo4j/neo4j-procedure-api/5.15.0/neo4j-procedure-api-5.15.0.jar:/Users/msenechal/.m2/repository/org/neo4j/neo4j-procedure/5.15.0/neo4j-procedure-5.15.0.jar:/Users/msenechal/.m2/repository/org/neo4j/neo4j-codegen/5.15.0/neo4j-codegen-5.15.0.jar:/Users/msenechal/.m2/repository/org/ow2/asm/asm-util/9.6/asm-util-9.6.jar:/Users/msenechal/.m2/repository/org/ow2/asm/asm-analysis/9.6/asm-analysis-9.6.jar:/Users/msenechal/.m2/repository/org/ow2/asm/asm-tree/9.6/asm-tree-9.6.jar:/Users/msenechal/.m2/repository/org/neo4j/neo4j-cypher-expression-evaluator/5.15.0/neo4j-cypher-expression-evaluator-5.15.0.jar:/Users/msenechal/.m2/repository/org/neo4j/neo4j-ast/5.15.0/neo4j-ast-5.15.0.jar:/Users/msenechal/.m2/repository/org/neo4j/neo4j-cypher-ast-factory/5.15.0/neo4j-cypher-ast-factory-5.15.0.jar:/Users/msenechal/.m2/repository/org/neo4j/neo4j-expressions/5.15.0/neo4j-expressions-5.15.0.jar:/Users/msenechal/.m2/repository/org/neo4j/neo4j-security/5.15.0/neo4j-security-5.15.0.jar:/Users/msenechal/.m2/repository/org/neo4j/neo4j-cypher/5.15.0/neo4j-cypher-5.15.0.jar:/Users/msenechal/.m2/repository/org/scala-lang/scala-library/2.13.11/scala-library-2.13.11.jar:/Users/msenechal/.m2/repository/org/scala-lang/scala-reflect/2.13.11/scala-reflect-2.13.11.jar:/Users/msenechal/.m2/repository/org/neo4j/neo4j-cypher-physical-planning/5.15.0/neo4j-cypher-physical-planning-5.15.0.jar:/Users/msenechal/.m2/repository/org/neo4j/neo4j-util/5.15.0/neo4j-util-5.15.0.jar:/Users/msenechal/.m2/repository/org/neo4j/neo4j-cypher-config/5.15.0/neo4j-cypher-config-5.15.0.jar:/Users/msenechal/.m2/repository/com/propensive/magnolia_2.13/0.17.0/magnolia_2.13-0.17.0.jar:/Users/msenechal/.m2/repository/com/propensive/mercator_2.13/0.2.1/mercator_2.13-0.2.1.jar:/Users/msenechal/.m2/repository/org/neo4j/neo4j-cypher-cache/5.15.0/neo4j-cypher-cache-5.15.0.jar:/Users/msenechal/.m2/repository/org/neo4j/neo4j-cypher-planner/5.15.0/neo4j-cypher-planner-5.15.0.jar:/Users/msenechal/.m2/repository/org/scala-lang/modules/scala-collection-contrib_2.13/0.3.0/scala-collection-contrib_2.13-0.3.0.jar:/Users/msenechal/.m2/repository/org/neo4j/neo4j-cypher-ir/5.15.0/neo4j-cypher-ir-5.15.0.jar:/Users/msenechal/.m2/repository/org/neo4j/neo4j-cypher-logical-plans/5.15.0/neo4j-cypher-logical-plans-5.15.0.jar:/Users/msenechal/.m2/repository/org/neo4j/neo4j-cypher-macros/5.15.0/neo4j-cypher-macros-5.15.0.jar:/Users/msenechal/.m2/repository/org/neo4j/neo4j-cypher-javacc-parser/5.15.0/neo4j-cypher-javacc-parser-5.15.0.jar:/Users/msenechal/.m2/repository/org/neo4j/cypher-ast-factory/5.15.0/cypher-ast-factory-5.15.0.jar:/Users/msenechal/.m2/repository/org/neo4j/neo4j-cypher-planner-spi/5.15.0/neo4j-cypher-planner-spi-5.15.0.jar:/Users/msenechal/.m2/repository/org/neo4j/neo4j-cypher-runtime-util/5.15.0/neo4j-cypher-runtime-util-5.15.0.jar:/Users/msenechal/.m2/repository/org/neo4j/neo4j-cypher-interpreted-runtime/5.15.0/neo4j-cypher-interpreted-runtime-5.15.0.jar:/Users/msenechal/.m2/repository/org/neo4j/neo4j-cypher-slotted-runtime/5.15.0/neo4j-cypher-slotted-runtime-5.15.0.jar:/Users/msenechal/.m2/repository/org/bitbucket/inkytonik/kiama/kiama_2.13/2.5.1/kiama_2.13-2.5.1.jar:/Users/msenechal/.m2/repository/org/neo4j/neo4j-command-line/5.15.0/neo4j-command-line-5.15.0.jar:/Users/msenechal/.m2/repository/info/picocli/picocli/4.7.5/picocli-4.7.5.jar:/Users/msenechal/.m2/repository/com/neo4j/neo4j-auth-plugin-api/5.15.0/neo4j-auth-plugin-api-5.15.0.jar:/Users/msenechal/.m2/repository/org/neo4j/neo4j-dbms/5.15.0/neo4j-dbms-5.15.0.jar:/Users/msenechal/.m2/repository/org/neo4j/neo4j-lucene-index/5.15.0/neo4j-lucene-index-5.15.0.jar:/Users/msenechal/.m2/repository/org/apache/lucene/lucene-analysis-common/9.8.0/lucene-analysis-common-9.8.0.jar:/Users/msenechal/.m2/repository/org/apache/lucene/lucene-core/9.8.0/lucene-core-9.8.0.jar:/Users/msenechal/.m2/repository/org/apache/lucene/lucene-queryparser/9.8.0/lucene-queryparser-9.8.0.jar:/Users/msenechal/.m2/repository/org/apache/lucene/lucene-backward-codecs/9.8.0/lucene-backward-codecs-9.8.0.jar:/Users/msenechal/.m2/repository/org/jprocesses/jProcesses/1.6.5/jProcesses-1.6.5.jar:/Users/msenechal/.m2/repository/com/profesorfalken/WMI4Java/1.6.3/WMI4Java-1.6.3.jar:/Users/msenechal/.m2/repository/com/profesorfalken/jPowerShell/3.0/jPowerShell-3.0.jar:/Users/msenechal/.m2/repository/commons-io/commons-io/2.15.0/commons-io-2.15.0.jar:/Users/msenechal/.m2/repository/org/apache/commons/commons-compress/1.24.0/commons-compress-1.24.0.jar:/Users/msenechal/.m2/repository/org/apache/commons/commons-text/1.11.0/commons-text-1.11.0.jar:/Users/msenechal/.m2/repository/org/apache/commons/commons-configuration2/2.9.0/commons-configuration2-2.9.0.jar:/Users/msenechal/.m2/repository/org/neo4j/licensing-proxy/zstd-proxy/5.15.0/zstd-proxy-5.15.0.jar:/Users/msenechal/.m2/repository/com/github/luben/zstd-jni/1.5.5-10/zstd-jni-1.5.5-10.jar:/Users/msenechal/.m2/repository/com/github/ben-manes/caffeine/caffeine/3.1.8/caffeine-3.1.8.jar:/Users/msenechal/.m2/repository/org/apache/commons/commons-lang3/3.13.0/commons-lang3-3.13.0.jar:/Users/msenechal/.m2/repository/org/bitbucket/b_c/jose4j/0.9.3/jose4j-0.9.3.jar:/Users/msenechal/.m2/repository/org/apache/shiro/shiro-core/1.13.0/shiro-core-1.13.0.jar:/Users/msenechal/.m2/repository/org/apache/shiro/shiro-lang/1.13.0/shiro-lang-1.13.0.jar:/Users/msenechal/.m2/repository/org/apache/shiro/shiro-cache/1.13.0/shiro-cache-1.13.0.jar:/Users/msenechal/.m2/repository/org/apache/shiro/shiro-crypto-hash/1.13.0/shiro-crypto-hash-1.13.0.jar:/Users/msenechal/.m2/repository/org/apache/shiro/shiro-crypto-core/1.13.0/shiro-crypto-core-1.13.0.jar:/Users/msenechal/.m2/repository/org/apache/shiro/shiro-crypto-cipher/1.13.0/shiro-crypto-cipher-1.13.0.jar:/Users/msenechal/.m2/repository/org/apache/shiro/shiro-config-core/1.13.0/shiro-config-core-1.13.0.jar:/Users/msenechal/.m2/repository/org/apache/shiro/shiro-event/1.13.0/shiro-event-1.13.0.jar:/Users/msenechal/.m2/repository/com/neo4j/neo4j-dbms-api/5.15.0/neo4j-dbms-api-5.15.0.jar:/Users/msenechal/.m2/repository/org/apache/httpcomponents/httpclient/4.5.12/httpclient-4.5.12.jar:/Users/msenechal/.m2/repository/org/apache/httpcomponents/httpcore/4.4.13/httpcore-4.4.13.jar:/Users/msenechal/.m2/repository/commons-logging/commons-logging/1.2/commons-logging-1.2.jar:/Users/msenechal/.m2/repository/commons-codec/commons-codec/1.11/commons-codec-1.11.jar:/Users/msenechal/.m2/repository/com/neo4j/test/neo4j-harness-enterprise/5.15.0/neo4j-harness-enterprise-5.15.0.jar:/Users/msenechal/.m2/repository/org/neo4j/test/neo4j-harness/5.15.0/neo4j-harness-5.15.0.jar:/Users/msenechal/.m2/repository/org/neo4j/test-utils/5.15.0/test-utils-5.15.0.jar:/Users/msenechal/.m2/repository/org/ow2/asm/asm/9.6/asm-9.6.jar:/Users/msenechal/.m2/repository/org/junit/platform/junit-platform-testkit/1.10.0/junit-platform-testkit-1.10.0.jar:/Users/msenechal/.m2/repository/org/bouncycastle/bcpkix-jdk18on/1.76/bcpkix-jdk18on-1.76.jar:/Users/msenechal/.m2/repository/org/bouncycastle/bcutil-jdk18on/1.76/bcutil-jdk18on-1.76.jar:/Users/msenechal/.m2/repository/org/bouncycastle/bcprov-jdk18on/1.76/bcprov-jdk18on-1.76.jar:/Users/msenechal/.m2/repository/org/neo4j/io-test-utils/5.15.0/io-test-utils-5.15.0.jar:/Users/msenechal/.m2/repository/org/neo4j/app/neo4j-server-test-utils/5.15.0/neo4j-server-test-utils-5.15.0.jar:/Users/msenechal/.m2/repository/org/junit/vintage/junit-vintage-engine/5.10.0/junit-vintage-engine-5.10.0.jar:/Users/msenechal/.m2/repository/com/neo4j/neo4j-enterprise/5.15.0/neo4j-enterprise-5.15.0.jar:/Users/msenechal/.m2/repository/com/neo4j/neo4j-enterprise-cypher/5.15.0/neo4j-enterprise-cypher-5.15.0.jar:/Users/msenechal/.m2/repository/com/neo4j/neo4j-cypher-compiled-expressions/5.15.0/neo4j-cypher-compiled-expressions-5.15.0.jar:/Users/msenechal/.m2/repository/com/neo4j/neo4j-virtual-database/5.15.0/neo4j-virtual-database-5.15.0.jar:/Users/msenechal/.m2/repository/com/neo4j/neo4j-cypher-pipelined-runtime/5.15.0/neo4j-cypher-pipelined-runtime-5.15.0.jar:/Users/msenechal/.m2/repository/com/neo4j/neo4j-causal-clustering/5.15.0/neo4j-causal-clustering-5.15.0.jar:/Users/msenechal/.m2/repository/com/neo4j/neo4j-raft/5.15.0/neo4j-raft-5.15.0.jar:/Users/msenechal/.m2/repository/com/neo4j/neo4j-protocol-raft/5.15.0/neo4j-protocol-raft-5.15.0.jar:/Users/msenechal/.m2/repository/com/neo4j/neo4j-discovery-akka/5.15.0/neo4j-discovery-akka-5.15.0.jar:/Users/msenechal/.m2/repository/com/typesafe/akka/akka-actor_2.13/2.6.19/akka-actor_2.13-2.6.19.jar:/Users/msenechal/.m2/repository/org/scala-lang/modules/scala-java8-compat_2.13/1.0.0/scala-java8-compat_2.13-1.0.0.jar:/Users/msenechal/.m2/repository/com/typesafe/akka/akka-remote_2.13/2.6.19/akka-remote_2.13-2.6.19.jar:/Users/msenechal/.m2/repository/com/typesafe/akka/akka-pki_2.13/2.6.19/akka-pki_2.13-2.6.19.jar:/Users/msenechal/.m2/repository/com/hierynomus/asn-one/0.5.0/asn-one-0.5.0.jar:/Users/msenechal/.m2/repository/com/typesafe/akka/akka-cluster_2.13/2.6.19/akka-cluster_2.13-2.6.19.jar:/Users/msenechal/.m2/repository/com/typesafe/akka/akka-coordination_2.13/2.6.19/akka-coordination_2.13-2.6.19.jar:/Users/msenechal/.m2/repository/com/typesafe/akka/akka-distributed-data_2.13/2.6.19/akka-distributed-data_2.13-2.6.19.jar:/Users/msenechal/.m2/repository/com/typesafe/akka/akka-stream_2.13/2.6.19/akka-stream_2.13-2.6.19.jar:/Users/msenechal/.m2/repository/com/typesafe/akka/akka-protobuf-v3_2.13/2.6.19/akka-protobuf-v3_2.13-2.6.19.jar:/Users/msenechal/.m2/repository/com/typesafe/ssl-config-core_2.13/0.4.3/ssl-config-core_2.13-0.4.3.jar:/Users/msenechal/.m2/repository/org/scala-lang/modules/scala-parser-combinators_2.13/1.1.2/scala-parser-combinators_2.13-1.1.2.jar:/Users/msenechal/.m2/repository/com/typesafe/config/1.4.2/config-1.4.2.jar:/Users/msenechal/.m2/repository/com/neo4j/neo4j-protocol-catchup/5.15.0/neo4j-protocol-catchup-5.15.0.jar:/Users/msenechal/.m2/repository/com/neo4j/neo4j-protocol-dbms/5.15.0/neo4j-protocol-dbms-5.15.0.jar:/Users/msenechal/.m2/repository/com/neo4j/neo4j-protocol-consensus/5.15.0/neo4j-protocol-consensus-5.15.0.jar:/Users/msenechal/.m2/repository/com/neo4j/neo4j-store-management/5.15.0/neo4j-store-management-5.15.0.jar:/Users/msenechal/.m2/repository/org/neo4j/neo4j-lock/5.15.0/neo4j-lock-5.15.0.jar:/Users/msenechal/.m2/repository/org/neo4j/neo4j-ssl/5.15.0/neo4j-ssl-5.15.0.jar:/Users/msenechal/.m2/repository/com/neo4j/neo4j-enterprise-fabric/5.15.0/neo4j-enterprise-fabric-5.15.0.jar:/Users/msenechal/.m2/repository/com/neo4j/neo4j-enterprise-query-router/5.15.0/neo4j-enterprise-query-router-5.15.0.jar:/Users/msenechal/.m2/repository/com/neo4j/cdc/5.15.0/cdc-5.15.0.jar:/Users/msenechal/.m2/repository/org/neo4j/neo4j-import-tool/5.15.0/neo4j-import-tool-5.15.0.jar:/Users/msenechal/.m2/repository/com/neo4j/app/neo4j-server-enterprise/5.15.0/neo4j-server-enterprise-5.15.0.jar:/Users/msenechal/.m2/repository/com/neo4j/neo4j-metrics/5.15.0/neo4j-metrics-5.15.0.jar:/Users/msenechal/.m2/repository/io/dropwizard/metrics/metrics-jmx/4.2.21/metrics-jmx-4.2.21.jar:/Users/msenechal/.m2/repository/io/dropwizard/metrics/metrics-graphite/4.2.21/metrics-graphite-4.2.21.jar:/Users/msenechal/.m2/repository/io/prometheus/simpleclient/0.16.0/simpleclient-0.16.0.jar:/Users/msenechal/.m2/repository/io/prometheus/simpleclient_tracer_otel/0.16.0/simpleclient_tracer_otel-0.16.0.jar:/Users/msenechal/.m2/repository/io/prometheus/simpleclient_tracer_common/0.16.0/simpleclient_tracer_common-0.16.0.jar:/Users/msenechal/.m2/repository/io/prometheus/simpleclient_tracer_otel_agent/0.16.0/simpleclient_tracer_otel_agent-0.16.0.jar:/Users/msenechal/.m2/repository/io/prometheus/simpleclient_httpserver/0.16.0/simpleclient_httpserver-0.16.0.jar:/Users/msenechal/.m2/repository/io/prometheus/simpleclient_common/0.16.0/simpleclient_common-0.16.0.jar:/Users/msenechal/.m2/repository/io/prometheus/simpleclient_dropwizard/0.16.0/simpleclient_dropwizard-0.16.0.jar:/Users/msenechal/.m2/repository/com/neo4j/neo4j-arrow/5.15.0/neo4j-arrow-5.15.0.jar:/Users/msenechal/.m2/repository/org/apache/arrow/flight-core/14.0.0/flight-core-14.0.0.jar:/Users/msenechal/.m2/repository/org/apache/arrow/arrow-format/14.0.0/arrow-format-14.0.0.jar:/Users/msenechal/.m2/repository/com/google/flatbuffers/flatbuffers-java/1.12.0/flatbuffers-java-1.12.0.jar:/Users/msenechal/.m2/repository/org/apache/arrow/arrow-vector/14.0.0/arrow-vector-14.0.0.jar:/Users/msenechal/.m2/repository/com/fasterxml/jackson/datatype/jackson-datatype-jsr310/2.15.1/jackson-datatype-jsr310-2.15.1.jar:/Users/msenechal/.m2/repository/org/apache/arrow/arrow-memory-core/14.0.0/arrow-memory-core-14.0.0.jar:/Users/msenechal/.m2/repository/org/apache/arrow/arrow-memory-netty/14.0.0/arrow-memory-netty-14.0.0.jar:/Users/msenechal/.m2/repository/io/grpc/grpc-netty/1.56.0/grpc-netty-1.56.0.jar:/Users/msenechal/.m2/repository/io/netty/netty-handler-proxy/4.1.87.Final/netty-handler-proxy-4.1.87.Final.jar:/Users/msenechal/.m2/repository/io/netty/netty-codec-socks/4.1.87.Final/netty-codec-socks-4.1.87.Final.jar:/Users/msenechal/.m2/repository/io/perfmark/perfmark-api/0.26.0/perfmark-api-0.26.0.jar:/Users/msenechal/.m2/repository/io/grpc/grpc-core/1.56.0/grpc-core-1.56.0.jar:/Users/msenechal/.m2/repository/com/google/code/gson/gson/2.10.1/gson-2.10.1.jar:/Users/msenechal/.m2/repository/com/google/android/annotations/4.1.1.4/annotations-4.1.1.4.jar:/Users/msenechal/.m2/repository/io/grpc/grpc-context/1.56.0/grpc-context-1.56.0.jar:/Users/msenechal/.m2/repository/io/grpc/grpc-protobuf/1.56.0/grpc-protobuf-1.56.0.jar:/Users/msenechal/.m2/repository/com/google/api/grpc/proto-google-common-protos/2.17.0/proto-google-common-protos-2.17.0.jar:/Users/msenechal/.m2/repository/io/grpc/grpc-protobuf-lite/1.56.0/grpc-protobuf-lite-1.56.0.jar:/Users/msenechal/.m2/repository/io/netty/netty-tcnative-boringssl-static/2.0.61.Final/netty-tcnative-boringssl-static-2.0.61.Final.jar:/Users/msenechal/.m2/repository/io/netty/netty-tcnative-boringssl-static/2.0.61.Final/netty-tcnative-boringssl-static-2.0.61.Final-linux-x86_64.jar:/Users/msenechal/.m2/repository/io/netty/netty-tcnative-boringssl-static/2.0.61.Final/netty-tcnative-boringssl-static-2.0.61.Final-linux-aarch_64.jar:/Users/msenechal/.m2/repository/io/netty/netty-tcnative-boringssl-static/2.0.61.Final/netty-tcnative-boringssl-static-2.0.61.Final-osx-x86_64.jar:/Users/msenechal/.m2/repository/io/netty/netty-tcnative-boringssl-static/2.0.61.Final/netty-tcnative-boringssl-static-2.0.61.Final-osx-aarch_64.jar:/Users/msenechal/.m2/repository/io/netty/netty-tcnative-boringssl-static/2.0.61.Final/netty-tcnative-boringssl-static-2.0.61.Final-windows-x86_64.jar:/Users/msenechal/.m2/repository/com/google/guava/guava/31.1-jre/guava-31.1-jre.jar:/Users/msenechal/.m2/repository/com/google/guava/failureaccess/1.0.1/failureaccess-1.0.1.jar:/Users/msenechal/.m2/repository/com/google/guava/listenablefuture/9999.0-empty-to-avoid-conflict-with-guava/listenablefuture-9999.0-empty-to-avoid-conflict-with-guava.jar:/Users/msenechal/.m2/repository/io/grpc/grpc-stub/1.56.0/grpc-stub-1.56.0.jar:/Users/msenechal/.m2/repository/com/google/protobuf/protobuf-java/3.23.1/protobuf-java-3.23.1.jar:/Users/msenechal/.m2/repository/io/grpc/grpc-api/1.56.0/grpc-api-1.56.0.jar:/Users/msenechal/.m2/repository/io/netty/netty-codec-http2/4.1.100.Final/netty-codec-http2-4.1.100.Final.jar:/Users/msenechal/.m2/repository/com/neo4j/gds-write-service/5.15.0/gds-write-service-5.15.0.jar:/Users/msenechal/.m2/repository/org/agrona/agrona/1.14.0/agrona-1.14.0.jar:/Users/msenechal/.m2/repository/com/neo4j/neo4j-block-storage-engine/5.15.0/neo4j-block-storage-engine-5.15.0.jar:/Users/msenechal/.m2/repository/com/neo4j/enterprise-it-test-support/5.15.0/enterprise-it-test-support-5.15.0.jar:/Users/msenechal/.m2/repository/org/neo4j/neo4j/5.15.0/neo4j-5.15.0.jar:/Users/msenechal/.m2/repository/org/neo4j/neo4j-fabric/5.15.0/neo4j-fabric-5.15.0.jar:/Users/msenechal/.m2/repository/org/neo4j/neo4j-front-end/5.15.0/neo4j-front-end-5.15.0.jar:/Users/msenechal/.m2/repository/org/neo4j/neo4j-query-router/5.15.0/neo4j-query-router-5.15.0.jar:/Users/msenechal/.m2/repository/org/neo4j/neo4j-graph-algo/5.15.0/neo4j-graph-algo-5.15.0.jar:/Users/msenechal/.m2/repository/org/neo4j/neo4j-data-collector/5.15.0/neo4j-data-collector-5.15.0.jar:/Users/msenechal/.m2/repository/org/neo4j/neo4j-rewriting/5.15.0/neo4j-rewriting-5.15.0.jar:/Users/msenechal/.m2/repository/org/neo4j/neo4j-bolt/5.15.0/neo4j-bolt-5.15.0.jar:/Users/msenechal/.m2/repository/org/neo4j/server-api/5.15.0/server-api-5.15.0.jar:/Users/msenechal/.m2/repository/jakarta/ws/rs/jakarta.ws.rs-api/2.1.6/jakarta.ws.rs-api-2.1.6.jar:/Users/msenechal/.m2/repository/io/netty/netty-codec-http/4.1.100.Final/netty-codec-http-4.1.100.Final.jar:/Users/msenechal/.m2/repository/io/netty/netty-transport-native-epoll/4.1.100.Final/netty-transport-native-epoll-4.1.100.Final-linux-x86_64.jar:/Users/msenechal/.m2/repository/io/netty/netty-transport-classes-epoll/4.1.100.Final/netty-transport-classes-epoll-4.1.100.Final.jar:/Users/msenechal/.m2/repository/io/netty/netty-transport-native-epoll/4.1.100.Final/netty-transport-native-epoll-4.1.100.Final-linux-aarch_64.jar:/Users/msenechal/.m2/repository/io/netty/netty-transport-native-kqueue/4.1.100.Final/netty-transport-native-kqueue-4.1.100.Final-osx-x86_64.jar:/Users/msenechal/.m2/repository/io/netty/netty-transport-classes-kqueue/4.1.100.Final/netty-transport-classes-kqueue-4.1.100.Final.jar:/Users/msenechal/.m2/repository/io/netty/netty-transport-native-kqueue/4.1.100.Final/netty-transport-native-kqueue-4.1.100.Final-osx-aarch_64.jar:/Users/msenechal/.m2/repository/org/neo4j/neo4j-consistency-check/5.15.0/neo4j-consistency-check-5.15.0.jar:/Users/msenechal/.m2/repository/org/neo4j/app/neo4j-server/5.15.0/neo4j-server-5.15.0.jar:/Users/msenechal/.m2/repository/org/eclipse/jetty/jetty-server/10.0.17/jetty-server-10.0.17.jar:/Users/msenechal/.m2/repository/org/eclipse/jetty/toolchain/jetty-servlet-api/4.0.6/jetty-servlet-api-4.0.6.jar:/Users/msenechal/.m2/repository/org/eclipse/jetty/jetty-webapp/10.0.17/jetty-webapp-10.0.17.jar:/Users/msenechal/.m2/repository/org/eclipse/jetty/jetty-servlet/10.0.17/jetty-servlet-10.0.17.jar:/Users/msenechal/.m2/repository/org/eclipse/jetty/jetty-security/10.0.17/jetty-security-10.0.17.jar:/Users/msenechal/.m2/repository/org/eclipse/jetty/jetty-xml/10.0.17/jetty-xml-10.0.17.jar:/Users/msenechal/.m2/repository/org/glassfish/jersey/inject/jersey-hk2/2.34/jersey-hk2-2.34.jar:/Users/msenechal/.m2/repository/org/glassfish/jersey/core/jersey-common/2.34/jersey-common-2.34.jar:/Users/msenechal/.m2/repository/jakarta/annotation/jakarta.annotation-api/1.3.5/jakarta.annotation-api-1.3.5.jar:/Users/msenechal/.m2/repository/org/glassfish/hk2/external/jakarta.inject/2.6.1/jakarta.inject-2.6.1.jar:/Users/msenechal/.m2/repository/org/glassfish/hk2/hk2-locator/2.6.1/hk2-locator-2.6.1.jar:/Users/msenechal/.m2/repository/org/glassfish/hk2/hk2-api/2.6.1/hk2-api-2.6.1.jar:/Users/msenechal/.m2/repository/org/glassfish/hk2/hk2-utils/2.6.1/hk2-utils-2.6.1.jar:/Users/msenechal/.m2/repository/org/javassist/javassist/3.25.0-GA/javassist-3.25.0-GA.jar:/Users/msenechal/.m2/repository/org/glassfish/jersey/containers/jersey-container-servlet/2.34/jersey-container-servlet-2.34.jar:/Users/msenechal/.m2/repository/org/glassfish/jersey/containers/jersey-container-servlet-core/2.34/jersey-container-servlet-core-2.34.jar:/Users/msenechal/.m2/repository/org/glassfish/jersey/core/jersey-server/2.34/jersey-server-2.34.jar:/Users/msenechal/.m2/repository/org/glassfish/jersey/core/jersey-client/2.34/jersey-client-2.34.jar:/Users/msenechal/.m2/repository/jakarta/validation/jakarta.validation-api/2.0.2/jakarta.validation-api-2.0.2.jar:/Users/msenechal/.m2/repository/com/fasterxml/jackson/core/jackson-core/2.15.2/jackson-core-2.15.2.jar:/Users/msenechal/.m2/repository/com/fasterxml/jackson/jaxrs/jackson-jaxrs-json-provider/2.15.2/jackson-jaxrs-json-provider-2.15.2.jar:/Users/msenechal/.m2/repository/com/fasterxml/jackson/jaxrs/jackson-jaxrs-base/2.15.2/jackson-jaxrs-base-2.15.2.jar:/Users/msenechal/.m2/repository/com/fasterxml/jackson/module/jackson-module-jaxb-annotations/2.15.2/jackson-module-jaxb-annotations-2.15.2.jar:/Users/msenechal/.m2/repository/org/glassfish/jaxb/jaxb-runtime/2.3.2/jaxb-runtime-2.3.2.jar:/Users/msenechal/.m2/repository/org/glassfish/jaxb/txw2/2.3.2/txw2-2.3.2.jar:/Users/msenechal/.m2/repository/com/sun/istack/istack-commons-runtime/3.0.8/istack-commons-runtime-3.0.8.jar:/Users/msenechal/.m2/repository/org/jvnet/staxex/stax-ex/1.8.1/stax-ex-1.8.1.jar:/Users/msenechal/.m2/repository/com/sun/xml/fastinfoset/FastInfoset/1.2.16/FastInfoset-1.2.16.jar:/Users/msenechal/.m2/repository/jakarta/activation/jakarta.activation-api/1.2.1/jakarta.activation-api-1.2.1.jar:/Users/msenechal/.m2/repository/jakarta/xml/bind/jakarta.xml.bind-api/2.3.2/jakarta.xml.bind-api-2.3.2.jar:/Users/msenechal/.m2/repository/org/neo4j/neo4j-capabilities/5.15.0/neo4j-capabilities-5.15.0.jar:/Users/msenechal/.m2/repository/org/neo4j/neo4j-slf4j-provider/5.15.0/neo4j-slf4j-provider-5.15.0.jar:/Users/msenechal/.m2/repository/org/neo4j/community/it-test-support/5.15.0/it-test-support-5.15.0.jar:/Users/msenechal/.m2/repository/org/neo4j/layout-test-utils/5.15.0/layout-test-utils-5.15.0.jar:/Users/msenechal/.m2/repository/com/neo4j/neo4j-dbms-enterprise/5.15.0/neo4j-dbms-enterprise-5.15.0.jar:/Users/msenechal/.m2/repository/com/neo4j/neo4j-cluster-common/5.15.0/neo4j-cluster-common-5.15.0.jar:/Users/msenechal/.m2/repository/org/lz4/lz4-java/1.8.0/lz4-java-1.8.0.jar:/Users/msenechal/.m2/repository/com/neo4j/neo4j-backup/5.15.0/neo4j-backup-5.15.0.jar:/Users/msenechal/.m2/repository/org/neo4j/log-test-utils/5.15.0/log-test-utils-5.15.0.jar:/Users/msenechal/.m2/repository/com/fasterxml/jackson/core/jackson-databind/2.15.2/jackson-databind-2.15.2.jar:/Users/msenechal/.m2/repository/com/fasterxml/jackson/core/jackson-annotations/2.15.2/jackson-annotations-2.15.2.jar:/Users/msenechal/.m2/repository/org/neo4j/neo4j-kernel-test-utils/5.15.0/neo4j-kernel-test-utils-5.15.0.jar:/Users/msenechal/.m2/repository/org/neo4j/kernel-api-test-utils/5.15.0/kernel-api-test-utils-5.15.0.jar:/Users/msenechal/.m2/repository/org/neo4j/storage-engine-test-utils/5.15.0/storage-engine-test-utils-5.15.0.jar:/Users/msenechal/.m2/repository/org/neo4j/wal-test-utils/5.15.0/wal-test-utils-5.15.0.jar:/Users/msenechal/.m2/repository/org/neo4j/neo4j-record-storage-engine/5.15.0/neo4j-record-storage-engine-5.15.0.jar:/Users/msenechal/.m2/repository/com/neo4j/neo4j-enterprise-record-storage-engine/5.15.0/neo4j-enterprise-record-storage-engine-5.15.0.jar:/Users/msenechal/.m2/repository/org/neo4j/neo4j-random-values/5.15.0/neo4j-random-values-5.15.0.jar:/Users/msenechal/.m2/repository/org/hamcrest/hamcrest/2.2/hamcrest-2.2.jar:/Users/msenechal/.m2/repository/org/assertj/assertj-core/3.24.2/assertj-core-3.24.2.jar:/Users/msenechal/.m2/repository/org/awaitility/awaitility/4.2.0/awaitility-4.2.0.jar:/Users/msenechal/.m2/repository/org/neo4j/test-proxy/5.15.0/test-proxy-5.15.0.jar:/Users/msenechal/.m2/repository/com/github/netcrusherorg/netcrusher-core/0.10/netcrusher-core-0.10.jar:/Users/msenechal/.m2/repository/com/neo4j/neo4j-discovery-lighthouse/5.15.0/neo4j-discovery-lighthouse-5.15.0.jar:/Users/msenechal/.m2/repository/com/neo4j/neo4j-raft-common/5.15.0/neo4j-raft-common-5.15.0.jar:/Users/msenechal/.m2/repository/com/neo4j/neo4j-discovery/5.15.0/neo4j-discovery-5.15.0.jar:/Users/msenechal/.m2/repository/org/eclipse/jetty/jetty-http/10.0.17/jetty-http-10.0.17.jar:/Users/msenechal/.m2/repository/org/eclipse/jetty/jetty-client/10.0.17/jetty-client-10.0.17.jar:/Users/msenechal/.m2/repository/org/eclipse/jetty/jetty-alpn-client/10.0.17/jetty-alpn-client-10.0.17.jar:/Users/msenechal/.m2/repository/org/eclipse/jetty/jetty-util/10.0.17/jetty-util-10.0.17.jar:/Users/msenechal/.m2/repository/org/eclipse/jetty/jetty-io/10.0.17/jetty-io-10.0.17.jar:/Users/msenechal/.m2/repository/com/neo4j/gossip-protocol/5.15.0/gossip-protocol-5.15.0.jar:/Users/msenechal/.m2/repository/org/jetbrains/annotations/24.0.1/annotations-24.0.1.jar:/Users/msenechal/.m2/repository/com/neo4j/crdt-library/5.15.0/crdt-library-5.15.0.jar:/Users/msenechal/.m2/repository/com/neo4j/neo4j-protocol-lighthouse/5.15.0/neo4j-protocol-lighthouse-5.15.0.jar:/Users/msenechal/.m2/repository/com/neo4j/common/5.15.0/common-5.15.0.jar:/Users/msenechal/.m2/repository/org/neo4j/neo4j-monitoring/5.15.0/neo4j-monitoring-5.15.0.jar:/Users/msenechal/.m2/repository/io/netty/netty-buffer/4.1.100.Final/netty-buffer-4.1.100.Final.jar:/Users/msenechal/.m2/repository/com/neo4j/lighthouse-assembler/5.15.0/lighthouse-assembler-5.15.0.jar:/Users/msenechal/.m2/repository/org/neo4j/driver/neo4j-java-driver/5.15.0/neo4j-java-driver-5.15.0.jar:/Users/msenechal/.m2/repository/org/reactivestreams/reactive-streams/1.0.4/reactive-streams-1.0.4.jar:/Users/msenechal/.m2/repository/io/netty/netty-handler/4.1.101.Final/netty-handler-4.1.101.Final.jar:/Users/msenechal/.m2/repository/io/netty/netty-common/4.1.101.Final/netty-common-4.1.101.Final.jar:/Users/msenechal/.m2/repository/io/netty/netty-resolver/4.1.101.Final/netty-resolver-4.1.101.Final.jar:/Users/msenechal/.m2/repository/io/netty/netty-transport/4.1.101.Final/netty-transport-4.1.101.Final.jar:/Users/msenechal/.m2/repository/io/netty/netty-transport-native-unix-common/4.1.101.Final/netty-transport-native-unix-common-4.1.101.Final.jar:/Users/msenechal/.m2/repository/io/netty/netty-codec/4.1.101.Final/netty-codec-4.1.101.Final.jar:/Users/msenechal/.m2/repository/io/netty/netty-tcnative-classes/2.0.61.Final/netty-tcnative-classes-2.0.61.Final.jar:/Users/msenechal/.m2/repository/io/projectreactor/reactor-core/3.6.0/reactor-core-3.6.0.jar:/Users/msenechal/.m2/repository/org/apache/directory/server/apacheds-server-integ/2.0.0-M23/apacheds-server-integ-2.0.0-M23.jar:/Users/msenechal/.m2/repository/org/apache/directory/server/apacheds-core/2.0.0-M23/apacheds-core-2.0.0-M23.jar:/Users/msenechal/.m2/repository/org/apache/directory/server/apacheds-i18n/2.0.0-M23/apacheds-i18n-2.0.0-M23.jar:/Users/msenechal/.m2/repository/org/apache/directory/server/apacheds-interceptors-admin/2.0.0-M23/apacheds-interceptors-admin-2.0.0-M23.jar:/Users/msenechal/.m2/repository/org/apache/directory/server/apacheds-interceptors-authn/2.0.0-M23/apacheds-interceptors-authn-2.0.0-M23.jar:/Users/msenechal/.m2/repository/org/apache/directory/server/apacheds-interceptors-number/2.0.0-M23/apacheds-interceptors-number-2.0.0-M23.jar:/Users/msenechal/.m2/repository/org/apache/directory/server/apacheds-interceptors-authz/2.0.0-M23/apacheds-interceptors-authz-2.0.0-M23.jar:/Users/msenechal/.m2/repository/org/apache/directory/server/apacheds-interceptors-changelog/2.0.0-M23/apacheds-interceptors-changelog-2.0.0-M23.jar:/Users/msenechal/.m2/repository/org/apache/directory/server/apacheds-interceptors-collective/2.0.0-M23/apacheds-interceptors-collective-2.0.0-M23.jar:/Users/msenechal/.m2/repository/org/apache/directory/server/apacheds-interceptors-event/2.0.0-M23/apacheds-interceptors-event-2.0.0-M23.jar:/Users/msenechal/.m2/repository/org/apache/directory/server/apacheds-interceptors-exception/2.0.0-M23/apacheds-interceptors-exception-2.0.0-M23.jar:/Users/msenechal/.m2/repository/org/apache/directory/server/apacheds-interceptors-journal/2.0.0-M23/apacheds-interceptors-journal-2.0.0-M23.jar:/Users/msenechal/.m2/repository/org/apache/directory/server/apacheds-interceptors-normalization/2.0.0-M23/apacheds-interceptors-normalization-2.0.0-M23.jar:/Users/msenechal/.m2/repository/org/apache/directory/server/apacheds-interceptors-operational/2.0.0-M23/apacheds-interceptors-operational-2.0.0-M23.jar:/Users/msenechal/.m2/repository/org/apache/directory/server/apacheds-interceptors-referral/2.0.0-M23/apacheds-interceptors-referral-2.0.0-M23.jar:/Users/msenechal/.m2/repository/org/apache/directory/server/apacheds-interceptors-schema/2.0.0-M23/apacheds-interceptors-schema-2.0.0-M23.jar:/Users/msenechal/.m2/repository/org/apache/directory/server/apacheds-interceptors-subtree/2.0.0-M23/apacheds-interceptors-subtree-2.0.0-M23.jar:/Users/msenechal/.m2/repository/org/apache/directory/server/apacheds-interceptors-trigger/2.0.0-M23/apacheds-interceptors-trigger-2.0.0-M23.jar:/Users/msenechal/.m2/repository/org/apache/directory/api/api-ldap-extras-trigger/1.0.0-RC1/api-ldap-extras-trigger-1.0.0-RC1.jar:/Users/msenechal/.m2/repository/commons-lang/commons-lang/2.6/commons-lang-2.6.jar:/Users/msenechal/.m2/repository/org/apache/directory/api/api-ldap-extras-util/1.0.0-RC1/api-ldap-extras-util-1.0.0-RC1.jar:/Users/msenechal/.m2/repository/org/apache/directory/api/api-ldap-schema-data/1.0.0-RC1/api-ldap-schema-data-1.0.0-RC1.jar:/Users/msenechal/.m2/repository/org/bouncycastle/bcprov-jdk15on/1.53/bcprov-jdk15on-1.53.jar:/Users/msenechal/.m2/repository/org/apache/directory/server/apacheds-core-annotations/2.0.0-M23/apacheds-core-annotations-2.0.0-M23.jar:/Users/msenechal/.m2/repository/org/apache/directory/server/apacheds-ldif-partition/2.0.0-M23/apacheds-ldif-partition-2.0.0-M23.jar:/Users/msenechal/.m2/repository/org/apache/directory/server/apacheds-jdbm-partition/2.0.0-M23/apacheds-jdbm-partition-2.0.0-M23.jar:/Users/msenechal/.m2/repository/org/apache/directory/server/apacheds-core-avl/2.0.0-M23/apacheds-core-avl-2.0.0-M23.jar:/Users/msenechal/.m2/repository/org/apache/directory/server/apacheds-xdbm-partition/2.0.0-M23/apacheds-xdbm-partition-2.0.0-M23.jar:/Users/msenechal/.m2/repository/org/apache/directory/mavibot/mavibot/1.0.0-M8/mavibot-1.0.0-M8.jar:/Users/msenechal/.m2/repository/org/apache/directory/server/apacheds-mavibot-partition/2.0.0-M23/apacheds-mavibot-partition-2.0.0-M23.jar:/Users/msenechal/.m2/repository/junit/junit/4.12/junit-4.12.jar:/Users/msenechal/.m2/repository/org/apache/directory/server/apacheds-core-api/2.0.0-M23/apacheds-core-api-2.0.0-M23.jar:/Users/msenechal/.m2/repository/org/apache/directory/server/apacheds-core-constants/2.0.0-M23/apacheds-core-constants-2.0.0-M23.jar:/Users/msenechal/.m2/repository/org/apache/directory/api/api-i18n/1.0.0-RC1/api-i18n-1.0.0-RC1.jar:/Users/msenechal/.m2/repository/org/apache/directory/api/api-ldap-extras-aci/1.0.0-RC1/api-ldap-extras-aci-1.0.0-RC1.jar:/Users/msenechal/.m2/repository/net/sf/ehcache/ehcache/2.8.5/ehcache-2.8.5.jar:/Users/msenechal/.m2/repository/org/apache/directory/server/apacheds-core-shared/2.0.0-M23/apacheds-core-shared-2.0.0-M23.jar:/Users/msenechal/.m2/repository/org/apache/directory/api/api-ldap-extras-codec-api/1.0.0-RC1/api-ldap-extras-codec-api-1.0.0-RC1.jar:/Users/msenechal/.m2/repository/org/apache/directory/jdbm/apacheds-jdbm1/2.0.0-M3/apacheds-jdbm1-2.0.0-M3.jar:/Users/msenechal/.m2/repository/org/apache/directory/server/apacheds-core-integ/2.0.0-M23/apacheds-core-integ-2.0.0-M23.jar:/Users/msenechal/.m2/repository/org/apache/directory/server/apacheds-interceptors-hash/2.0.0-M23/apacheds-interceptors-hash-2.0.0-M23.jar:/Users/msenechal/.m2/repository/org/apache/directory/server/apacheds-server-config/2.0.0-M23/apacheds-server-config-2.0.0-M23.jar:/Users/msenechal/.m2/repository/org/apache/directory/server/apacheds-core-jndi/2.0.0-M23/apacheds-core-jndi-2.0.0-M23.jar:/Users/msenechal/.m2/repository/org/apache/directory/server/apacheds-kerberos-codec/2.0.0-M23/apacheds-kerberos-codec-2.0.0-M23.jar:/Users/msenechal/.m2/repository/org/apache/directory/api/api-asn1-ber/1.0.0-RC1/api-asn1-ber-1.0.0-RC1.jar:/Users/msenechal/.m2/repository/org/apache/directory/server/apacheds-interceptor-kerberos/2.0.0-M23/apacheds-interceptor-kerberos-2.0.0-M23.jar:/Users/msenechal/.m2/repository/org/apache/directory/server/apacheds-protocol-ldap/2.0.0-M23/apacheds-protocol-ldap-2.0.0-M23.jar:/Users/msenechal/.m2/repository/org/apache/directory/server/apacheds-protocol-shared/2.0.0-M23/apacheds-protocol-shared-2.0.0-M23.jar:/Users/msenechal/.m2/repository/org/apache/directory/server/apacheds-server-annotations/2.0.0-M23/apacheds-server-annotations-2.0.0-M23.jar:/Users/msenechal/.m2/repository/org/apache/directory/server/apacheds-protocol-kerberos/2.0.0-M23/apacheds-protocol-kerberos-2.0.0-M23.jar:/Users/msenechal/.m2/repository/org/apache/directory/server/apacheds-test-framework/2.0.0-M23/apacheds-test-framework-2.0.0-M23.jar:/Users/msenechal/.m2/repository/org/apache/directory/api/api-ldap-codec-standalone/1.0.0-RC1/api-ldap-codec-standalone-1.0.0-RC1.jar:/Users/msenechal/.m2/repository/org/apache/directory/api/api-ldap-net-mina/1.0.0-RC1/api-ldap-net-mina-1.0.0-RC1.jar:/Users/msenechal/.m2/repository/ldapsdk/ldapsdk/4.1/ldapsdk-4.1.jar:/Users/msenechal/.m2/repository/log4j/log4j/1.2.17/log4j-1.2.17.jar:/Users/msenechal/.m2/repository/org/apache/directory/api/api-asn1-api/1.0.0-RC1/api-asn1-api-1.0.0-RC1.jar:/Users/msenechal/.m2/repository/org/apache/directory/api/api-ldap-extras-sp/1.0.0-RC1/api-ldap-extras-sp-1.0.0-RC1.jar:/Users/msenechal/.m2/repository/org/apache/directory/api/api-ldap-codec-core/1.0.0-RC1/api-ldap-codec-core-1.0.0-RC1.jar:/Users/msenechal/.m2/repository/commons-collections/commons-collections/3.2.2/commons-collections-3.2.2.jar:/Users/msenechal/.m2/repository/org/apache/directory/api/api-ldap-extras-codec/1.0.0-RC1/api-ldap-extras-codec-1.0.0-RC1.jar:/Users/msenechal/.m2/repository/org/apache/directory/api/api-ldap-model/1.0.0-RC1/api-ldap-model-1.0.0-RC1.jar:/Users/msenechal/.m2/repository/org/apache/servicemix/bundles/org.apache.servicemix.bundles.antlr/2.7.7_5/org.apache.servicemix.bundles.antlr-2.7.7_5.jar:/Users/msenechal/.m2/repository/org/apache/directory/api/api-util/1.0.0-RC1/api-util-1.0.0-RC1.jar:/Users/msenechal/.m2/repository/org/apache/mina/mina-core/2.0.13/mina-core-2.0.13.jar:/Users/msenechal/.m2/repository/org/apache/directory/api/api-ldap-client-api/1.0.0-RC1/api-ldap-client-api-1.0.0-RC1.jar:/Users/msenechal/.m2/repository/commons-pool/commons-pool/1.6/commons-pool-1.6.jar:/Users/msenechal/.m2/repository/org/apache/directory/api/api-dsml-engine/1.0.0-RC1/api-dsml-engine-1.0.0-RC1.jar:/Users/msenechal/.m2/repository/org/apache/directory/api/api-dsml-parser/1.0.0-RC1/api-dsml-parser-1.0.0-RC1.jar:/Users/msenechal/.m2/repository/org/apache/servicemix/bundles/org.apache.servicemix.bundles.xpp3/1.1.4c_7/org.apache.servicemix.bundles.xpp3-1.1.4c_7.jar:/Users/msenechal/.m2/repository/org/apache/servicemix/bundles/org.apache.servicemix.bundles.dom4j/1.6.1_5/org.apache.servicemix.bundles.dom4j-1.6.1_5.jar:/Users/msenechal/.m2/repository/xml-apis/xml-apis/1.0.b2/xml-apis-1.0.b2.jar:/Users/msenechal/.m2/repository/org/slf4j/slf4j-api/1.7.14/slf4j-api-1.7.14.jar:/Users/msenechal/.m2/repository/org/hamcrest/hamcrest-library/1.3/hamcrest-library-1.3.jar:/Users/msenechal/.m2/repository/org/hamcrest/hamcrest-core/1.3/hamcrest-core-1.3.jar:/Users/msenechal/.m2/repository/org/mockito/mockito-core/1.10.19/mockito-core-1.10.19.jar:/Users/msenechal/.m2/repository/org/objenesis/objenesis/2.1/objenesis-2.1.jar:/Users/msenechal/.m2/repository/org/junit/jupiter/junit-jupiter/5.7.2/junit-jupiter-5.7.2.jar:/Users/msenechal/.m2/repository/org/junit/jupiter/junit-jupiter-api/5.7.2/junit-jupiter-api-5.7.2.jar:/Users/msenechal/.m2/repository/org/apiguardian/apiguardian-api/1.1.0/apiguardian-api-1.1.0.jar:/Users/msenechal/.m2/repository/org/opentest4j/opentest4j/1.2.0/opentest4j-1.2.0.jar:/Users/msenechal/.m2/repository/org/junit/platform/junit-platform-commons/1.7.2/junit-platform-commons-1.7.2.jar:/Users/msenechal/.m2/repository/org/junit/jupiter/junit-jupiter-params/5.7.2/junit-jupiter-params-5.7.2.jar:/Users/msenechal/.m2/repository/org/junit/jupiter/junit-jupiter-engine/5.7.2/junit-jupiter-engine-5.7.2.jar:/Users/msenechal/.m2/repository/org/junit/platform/junit-platform-engine/1.7.2/junit-platform-engine-1.7.2.jar:"/>
    <property name="sun.cpu.endian" value="little"/>
    <property name="user.home" value="/Users/msenechal"/>
    <property name="user.language" value="en"/>
    <property name="java.specification.vendor" value="Oracle Corporation"/>
    <property name="java.version.date" value="2023-07-18"/>
    <property name="java.home" value="/Users/msenechal/.sdkman/candidates/java/17.0.8-zulu/zulu-17.jdk/Contents/Home"/>
    <property name="file.separator" value="/"/>
    <property name="basedir" value="/Users/msenechal/Documents/projects/Clients/ECB/NAVI/navi-neo4j-auth-plugin/plugins"/>
    <property name="java.vm.compressedOopsMode" value="Zero based"/>
    <property name="line.separator" value="&#10;"/>
    <property name="java.vm.specification.vendor" value="Oracle Corporation"/>
    <property name="java.specification.name" value="Java Platform API Specification"/>
    <property name="surefire.real.class.path" value="/Users/msenechal/Documents/projects/Clients/ECB/NAVI/navi-neo4j-auth-plugin/plugins/target/surefire/surefirebooter5067400242192062325.jar"/>
    <property name="sun.management.compiler" value="HotSpot 64-Bit Tiered Compilers"/>
    <property name="ftp.nonProxyHosts" value="local|*.local|169.254/16|*.169.254/16"/>
    <property name="java.runtime.version" value="17.0.8+7-LTS"/>
    <property name="user.name" value="msenechal"/>
    <property name="path.separator" value=":"/>
    <property name="os.version" value="14.5"/>
    <property name="java.runtime.name" value="OpenJDK Runtime Environment"/>
    <property name="file.encoding" value="UTF-8"/>
    <property name="java.vm.name" value="OpenJDK 64-Bit Server VM"/>
    <property name="java.vendor.version" value="Zulu17.44+15-CA"/>
    <property name="localRepository" value="/Users/msenechal/.m2/repository"/>
    <property name="java.vendor.url.bug" value="http://www.azul.com/support/"/>
    <property name="java.io.tmpdir" value="/var/folders/85/6l_6m12119vc_cdtms7n5k880000gp/T/"/>
    <property name="java.version" value="17.0.8"/>
    <property name="user.dir" value="/Users/msenechal/Documents/projects/Clients/ECB/NAVI/navi-neo4j-auth-plugin/plugins"/>
    <property name="os.arch" value="aarch64"/>
    <property name="java.vm.specification.name" value="Java Virtual Machine Specification"/>
    <property name="native.encoding" value="UTF-8"/>
    <property name="java.library.path" value="/Users/msenechal/Library/Java/Extensions:/Library/Java/Extensions:/Network/Library/Java/Extensions:/System/Library/Java/Extensions:/usr/lib/java:."/>
    <property name="java.vm.info" value="mixed mode, sharing"/>
    <property name="java.vendor" value="Azul Systems, Inc."/>
    <property name="java.vm.version" value="17.0.8+7-LTS"/>
    <property name="sun.io.unicode.encoding" value="UnicodeBig"/>
    <property name="socksNonProxyHosts" value="local|*.local|169.254/16|*.169.254/16"/>
    <property name="java.class.version" value="61.0"/>
  </properties>
  <testcase name="testSetAndGetDbms" classname="org.neo4j.ecb.auth.plugin.ExposeConfigExtensionFactoryTest" time="0.012"/>
  <testcase name="testNewInstance" classname="org.neo4j.ecb.auth.plugin.ExposeConfigExtensionFactoryTest" time="0.005"/>
</testsuite>